Using pre-set license
Built from '2022.1/staging' branch; Version is '2022.1.16f1 (7321c9670bc2) revision 7545289'; Using compiler version '192829333'; Build Type 'Release'
OS: 'Windows 10  (10.0.19045) 64bit Education' Language: 'en' Physical Memory: 16309 MB
BatchMode: 1, IsHumanControllingUs: 0, StartBugReporterOnCrash: 0, Is64bit: 1, IsPro: 1

COMMAND LINE ARGUMENTS:
C:\Program Files\Unity\Hub\Editor\2022.1.16f1\Editor\Unity.exe
-adb2
-batchMode
-noUpm
-name
AssetImportWorker0
-projectPath
C:/Users/539123/_visual_scripting_
-logFile
Logs/AssetImportWorker0.log
-srvPort
54432
Successfully changed project path to: C:/Users/539123/_visual_scripting_
C:/Users/539123/_visual_scripting_
[UnityMemory] Configuration Parameters - Can be set up in boot.config
    "memorysetup-bucket-allocator-granularity=16"
    "memorysetup-bucket-allocator-bucket-count=8"
    "memorysetup-bucket-allocator-block-size=33554432"
    "memorysetup-bucket-allocator-block-count=8"
    "memorysetup-main-allocator-block-size=16777216"
    "memorysetup-thread-allocator-block-size=16777216"
    "memorysetup-gfx-main-allocator-block-size=16777216"
    "memorysetup-gfx-thread-allocator-block-size=16777216"
    "memorysetup-cache-allocator-block-size=4194304"
    "memorysetup-typetree-allocator-block-size=2097152"
    "memorysetup-profiler-bucket-allocator-granularity=16"
    "memorysetup-profiler-bucket-allocator-bucket-count=8"
    "memorysetup-profiler-bucket-allocator-block-size=33554432"
    "memorysetup-profiler-bucket-allocator-block-count=8"
    "memorysetup-profiler-allocator-block-size=16777216"
    "memorysetup-profiler-editor-allocator-block-size=1048576"
    "memorysetup-temp-allocator-size-main=16777216"
    "memorysetup-job-temp-allocator-block-size=2097152"
    "memorysetup-job-temp-allocator-block-size-background=1048576"
    "memorysetup-job-temp-allocator-reduction-small-platforms=262144"
    "memorysetup-temp-allocator-size-background-worker=32768"
    "memorysetup-temp-allocator-size-job-worker=262144"
    "memorysetup-temp-allocator-size-preload-manager=33554432"
    "memorysetup-temp-allocator-size-nav-mesh-worker=65536"
    "memorysetup-temp-allocator-size-audio-worker=65536"
    "memorysetup-temp-allocator-size-cloud-worker=32768"
    "memorysetup-temp-allocator-size-gi-baking-worker=262144"
    "memorysetup-temp-allocator-size-gfx=262144"
Refreshing native plugins compatible for Editor in 178.27 ms, found 4 plugins.
Preloading 0 native plugins for Editor in 0.00 ms.
Initialize engine version: 2022.1.16f1 (7321c9670bc2)
[Subsystems] Discovering subsystems at path C:/Program Files/Unity/Hub/Editor/2022.1.16f1/Editor/Data/Resources/UnitySubsystems
[Subsystems] Discovering subsystems at path C:/Users/539123/_visual_scripting_/Assets
GfxDevice: creating device client; threaded=0; jobified=0
Direct3D:
    Version:  Direct3D 11.0 [level 11.1]
    Renderer: NVIDIA GeForce GTX 1650 (ID=0x2188)
    Vendor:   NVIDIA
    VRAM:     3949 MB
    Driver:   31.0.15.3758
Initialize mono
Mono path[0] = 'C:/Program Files/Unity/Hub/Editor/2022.1.16f1/Editor/Data/Managed'
Mono path[1] = 'C:/Program Files/Unity/Hub/Editor/2022.1.16f1/Editor/Data/MonoBleedingEdge/lib/mono/unityjit-win32'
Mono config path = 'C:/Program Files/Unity/Hub/Editor/2022.1.16f1/Editor/Data/MonoBleedingEdge/etc'
Using monoOptions --debugger-agent=transport=dt_socket,embedding=1,server=y,suspend=n,address=127.0.0.1:56956
Begin MonoManager ReloadAssembly
Registering precompiled unity dll's ...
Register platform support module: C:/Program Files/Unity/Hub/Editor/2022.1.16f1/Editor/Data/PlaybackEngines/WindowsStandaloneSupport/UnityEditor.WindowsStandalone.Extensions.dll
Registered in 0.013890 seconds.
Native extension for WindowsStandalone target not found
Refreshing native plugins compatible for Editor in 133.73 ms, found 4 plugins.
Preloading 0 native plugins for Editor in 0.00 ms.
Mono: successfully reloaded assembly
- Completed reload, in  0.839 seconds
Domain Reload Profiling:
	ReloadAssembly (839ms)
		BeginReloadAssembly (83ms)
			ExecutionOrderSort (0ms)
			DisableScriptedObjects (0ms)
			BackupInstance (0ms)
			ReleaseScriptingObjects (0ms)
			CreateAndSetChildDomain (1ms)
		EndReloadAssembly (600ms)
			LoadAssemblies (80ms)
			RebuildTransferFunctionScriptingTraits (0ms)
			SetupTypeCache (127ms)
				TypeCache.Initialize (126ms)
					TypeCache.ScanAssembly (125ms)
				ResolveRequiredComponents (1ms)
			ReleaseScriptCaches (0ms)
			RebuildScriptCaches (32ms)
			SetupLoadedEditorAssemblies (364ms)
				LogAssemblyErrors (0ms)
				InitializePlatformSupportModulesInManaged (10ms)
				SetLoadedEditorAssemblies (7ms)
				RefreshPlugins (134ms)
				BeforeProcessingInitializeOnLoad (2ms)
				ProcessInitializeOnLoadAttributes (153ms)
				ProcessInitializeOnLoadMethodAttributes (58ms)
				AfterProcessingInitializeOnLoad (0ms)
				EditorAssembliesLoaded (0ms)
			ExecutionOrderSort2 (0ms)
			AwakeInstancesAfterBackupRestoration (0ms)
Platform modules already initialized, skipping
Registering precompiled user dll's ...
Registered in 0.011611 seconds.
Begin MonoManager ReloadAssembly
Symbol file LoadedFromMemory doesn't match image C:\Users\539123\_visual_scripting_\Library\PackageCache\com.unity.visualscripting@1.7.8\Editor\VisualScripting.Core\Dependencies\YamlDotNet\Unity.VisualScripting.YamlDotNet.dll
Symbol file LoadedFromMemory doesn't match image C:\Users\539123\_visual_scripting_\Library\PackageCache\com.unity.visualscripting@1.7.8\Editor\VisualScripting.Core\Dependencies\DotNetZip\Unity.VisualScripting.IonicZip.dll
Native extension for WindowsStandalone target not found
Refreshing native plugins compatible for Editor in 119.78 ms, found 4 plugins.
Preloading 0 native plugins for Editor in 0.00 ms.
Mono: successfully reloaded assembly
- Completed reload, in  1.872 seconds
Domain Reload Profiling:
	ReloadAssembly (1873ms)
		BeginReloadAssembly (154ms)
			ExecutionOrderSort (0ms)
			DisableScriptedObjects (5ms)
			BackupInstance (0ms)
			ReleaseScriptingObjects (0ms)
			CreateAndSetChildDomain (25ms)
		EndReloadAssembly (1553ms)
			LoadAssemblies (252ms)
			RebuildTransferFunctionScriptingTraits (0ms)
			SetupTypeCache (465ms)
				TypeCache.Initialize (454ms)
					TypeCache.ScanAssembly (449ms)
				ResolveRequiredComponents (11ms)
			ReleaseScriptCaches (1ms)
			RebuildScriptCaches (74ms)
			SetupLoadedEditorAssemblies (729ms)
				LogAssemblyErrors (0ms)
				InitializePlatformSupportModulesInManaged (7ms)
				SetLoadedEditorAssemblies (6ms)
				RefreshPlugins (120ms)
				BeforeProcessingInitializeOnLoad (159ms)
				ProcessInitializeOnLoadAttributes (314ms)
				ProcessInitializeOnLoadMethodAttributes (108ms)
				AfterProcessingInitializeOnLoad (14ms)
				EditorAssembliesLoaded (0ms)
			ExecutionOrderSort2 (0ms)
			AwakeInstancesAfterBackupRestoration (6ms)
Platform modules already initialized, skipping
========================================================================
Worker process is ready to serve import requests
Launched and connected shader compiler UnityShaderCompiler.exe after 0.08 seconds
Refreshing native plugins compatible for Editor in 2.00 ms, found 4 plugins.
Preloading 0 native plugins for Editor in 0.00 ms.
Unloading 5585 Unused Serialized files (Serialized files now loaded: 0)
Unloading 40 unused Assets / (347.6 KB). Loaded Objects now: 6040.
Memory consumption went from 0.86 GB to 0.86 GB.
Total: 4.189300 ms (FindLiveObjects: 0.583400 ms CreateObjectMapping: 0.141600 ms MarkObjects: 3.274000 ms  DeleteObjects: 0.188900 ms)

AssetImportParameters requested are different than current active one (requested -> active):
  custom:video-decoder-ogg-theora: a1e56fd34408186e4bbccfd4996cb3dc -> 
  custom:container-muxer-webm: aa71ff27fc2769a1b78a27578f13a17b -> 
  custom:container-demuxer-webm: 4f35f7cbe854078d1ac9338744f61a02 -> 
  custom:video-encoder-webm-vp8: eb34c28f22e8b96e1ab97ce403110664 -> 
  custom:audio-encoder-webm-vorbis: bf7c407c2cedff20999df2af8eb42d56 -> 
  custom:framework-win-MediaFoundation: 216162199b28c13a410421893ffa2e32 -> 
  custom:container-demuxer-ogg: 62fdf1f143b41e24485cea50d1cbac27 -> 
  custom:video-decoder-webm-vp8: 9c59270c3fd7afecdb556c50c9e8de78 -> 
  custom:audio-decoder-ogg-vorbis: bf7c407c2cedff20999df2af8eb42d56 -> 
========================================================================
Received Import Request.
  Time since last request: 85755.551017 seconds.
  path: Assets/Samples/Universal RP/13.1.8/URP Package Samples
  artifactKey: Guid(f57b90da402d2124c8a6947bc4eda4c4) Importer(815301076,1909f56bfc062723c751e8b465ee728b)
Start importing Assets/Samples/Universal RP/13.1.8/URP Package Samples using Guid(f57b90da402d2124c8a6947bc4eda4c4) Importer(815301076,1909f56bfc062723c751e8b465ee728b)  -> (artifact id: '9ff8906a7b51b912cd900375219b5e98') in 0.021295 seconds 
========================================================================
Received Prepare
Registering precompiled user dll's ...
Registered in 0.010855 seconds.
Begin MonoManager ReloadAssembly
Symbol file LoadedFromMemory doesn't match image C:\Users\539123\_visual_scripting_\Library\PackageCache\com.unity.visualscripting@1.7.8\Editor\VisualScripting.Core\Dependencies\YamlDotNet\Unity.VisualScripting.YamlDotNet.dll
Symbol file LoadedFromMemory doesn't match image C:\Users\539123\_visual_scripting_\Library\PackageCache\com.unity.visualscripting@1.7.8\Editor\VisualScripting.Core\Dependencies\DotNetZip\Unity.VisualScripting.IonicZip.dll
Native extension for WindowsStandalone target not found
Refreshing native plugins compatible for Editor in 1.19 ms, found 4 plugins.
Preloading 0 native plugins for Editor in 0.00 ms.
Mono: successfully reloaded assembly
- Completed reload, in  1.563 seconds
Domain Reload Profiling:
	ReloadAssembly (1563ms)
		BeginReloadAssembly (195ms)
			ExecutionOrderSort (0ms)
			DisableScriptedObjects (7ms)
			BackupInstance (0ms)
			ReleaseScriptingObjects (0ms)
			CreateAndSetChildDomain (59ms)
		EndReloadAssembly (1141ms)
			LoadAssemblies (135ms)
			RebuildTransferFunctionScriptingTraits (0ms)
			SetupTypeCache (461ms)
				TypeCache.Initialize (451ms)
					TypeCache.ScanAssembly (445ms)
				ResolveRequiredComponents (10ms)
			ReleaseScriptCaches (2ms)
			RebuildScriptCaches (46ms)
			SetupLoadedEditorAssemblies (446ms)
				LogAssemblyErrors (0ms)
				InitializePlatformSupportModulesInManaged (14ms)
				SetLoadedEditorAssemblies (6ms)
				RefreshPlugins (1ms)
				BeforeProcessingInitializeOnLoad (99ms)
				ProcessInitializeOnLoadAttributes (222ms)
				ProcessInitializeOnLoadMethodAttributes (89ms)
				AfterProcessingInitializeOnLoad (15ms)
				EditorAssembliesLoaded (0ms)
			ExecutionOrderSort2 (0ms)
			AwakeInstancesAfterBackupRestoration (9ms)
Platform modules already initialized, skipping
Refreshing native plugins compatible for Editor in 3.54 ms, found 4 plugins.
Preloading 0 native plugins for Editor in 0.00 ms.
Unloading 5451 Unused Serialized files (Serialized files now loaded: 0)
Unloading 28 unused Assets / (336.0 KB). Loaded Objects now: 6049.
Memory consumption went from 0.84 GB to 0.84 GB.
Total: 3.847300 ms (FindLiveObjects: 0.480400 ms CreateObjectMapping: 0.130500 ms MarkObjects: 3.077200 ms  DeleteObjects: 0.158000 ms)

AssetImportParameters requested are different than current active one (requested -> active):
  custom:video-decoder-ogg-theora: a1e56fd34408186e4bbccfd4996cb3dc -> 
  custom:container-muxer-webm: aa71ff27fc2769a1b78a27578f13a17b -> 
  custom:container-demuxer-webm: 4f35f7cbe854078d1ac9338744f61a02 -> 
  custom:video-encoder-webm-vp8: eb34c28f22e8b96e1ab97ce403110664 -> 
  custom:audio-encoder-webm-vorbis: bf7c407c2cedff20999df2af8eb42d56 -> 
  custom:framework-win-MediaFoundation: 216162199b28c13a410421893ffa2e32 -> 
  custom:container-demuxer-ogg: 62fdf1f143b41e24485cea50d1cbac27 -> 
  custom:video-decoder-webm-vp8: 9c59270c3fd7afecdb556c50c9e8de78 -> 
  custom:audio-decoder-ogg-vorbis: bf7c407c2cedff20999df2af8eb42d56 -> 
========================================================================
Received Import Request.
  Time since last request: 186.887803 seconds.
  path: Assets/NoFriction.physicsMaterial2D
  artifactKey: Guid(5a6215fde8241e442b9f70c0f74d2146) Importer(815301076,1909f56bfc062723c751e8b465ee728b)
Start importing Assets/NoFriction.physicsMaterial2D using Guid(5a6215fde8241e442b9f70c0f74d2146) Importer(815301076,1909f56bfc062723c751e8b465ee728b)  -> (artifact id: 'eacfe1ea22e361d20e12f07a9c09150e') in 0.109241 seconds 
========================================================================
Received Import Request.
  Time since last request: 466.351745 seconds.
  path: Assets/Textures
  artifactKey: Guid(26c233b00ce2e6b4ba8e27c9c9ce73c1) Importer(815301076,1909f56bfc062723c751e8b465ee728b)
Start importing Assets/Textures using Guid(26c233b00ce2e6b4ba8e27c9c9ce73c1) Importer(815301076,1909f56bfc062723c751e8b465ee728b)  -> (artifact id: '2bf2d3032b633e1bf06c4b6ab17451f5') in 0.270007 seconds 
========================================================================
Received Import Request.
  Time since last request: 4.306959 seconds.
  path: Assets/_
  artifactKey: Guid(650e2503e95e42843bc9920c39d6cb94) Importer(815301076,1909f56bfc062723c751e8b465ee728b)
Start importing Assets/_ using Guid(650e2503e95e42843bc9920c39d6cb94) Importer(815301076,1909f56bfc062723c751e8b465ee728b)  -> (artifact id: 'd19d0515d730093639e6eb937dfe9e71') in 0.198323 seconds 
========================================================================
Received Import Request.
  Time since last request: 0.112764 seconds.
  path: Assets/_/Sounds
  artifactKey: Guid(d8f4d05a819ad9c42b35c4d9e4846a51) Importer(815301076,1909f56bfc062723c751e8b465ee728b)
Start importing Assets/_/Sounds using Guid(d8f4d05a819ad9c42b35c4d9e4846a51) Importer(815301076,1909f56bfc062723c751e8b465ee728b)  -> (artifact id: '7937a45ddf16cfebcfddd1bbe90a0b63') in 0.010565 seconds 
========================================================================
Received Import Request.
  Time since last request: 0.618896 seconds.
  path: Assets/_/Sounds/Coin.wav
  artifactKey: Guid(9e2e3bfa0b1c2a34f83910a733ad23f3) Importer(815301076,1909f56bfc062723c751e8b465ee728b)
Start importing Assets/_/Sounds/Coin.wav using Guid(9e2e3bfa0b1c2a34f83910a733ad23f3) Importer(815301076,1909f56bfc062723c751e8b465ee728b)  -> (artifact id: '16b277521c312627c39f1031681da2b4') in 0.403889 seconds 
========================================================================
Received Import Request.
  Time since last request: 0.000045 seconds.
  path: Assets/_/Sounds/Star.wav
  artifactKey: Guid(affbf3a69b07671469a35d825ca2ef20) Importer(815301076,1909f56bfc062723c751e8b465ee728b)
Start importing Assets/_/Sounds/Star.wav using Guid(affbf3a69b07671469a35d825ca2ef20) Importer(815301076,1909f56bfc062723c751e8b465ee728b)  -> (artifact id: '0486af8d304bc9c17710c18dea8692b9') in 0.021142 seconds 
========================================================================
Received Import Request.
  Time since last request: 0.000041 seconds.
  path: Assets/_/Sounds/Lose.wav
  artifactKey: Guid(3f2ba3ea13d42af46a7d57a0a63988ee) Importer(815301076,1909f56bfc062723c751e8b465ee728b)
Start importing Assets/_/Sounds/Lose.wav using Guid(3f2ba3ea13d42af46a7d57a0a63988ee) Importer(815301076,1909f56bfc062723c751e8b465ee728b)  -> (artifact id: '5679257bfd8120d7791a97450d823f2a') in 0.019039 seconds 
========================================================================
Received Import Request.
  Time since last request: 1.606421 seconds.
  path: Assets/_/Textures
  artifactKey: Guid(48179034fd190a143aa761aeeab2a313) Importer(815301076,1909f56bfc062723c751e8b465ee728b)
Start importing Assets/_/Textures using Guid(48179034fd190a143aa761aeeab2a313) Importer(815301076,1909f56bfc062723c751e8b465ee728b)  -> (artifact id: 'ef2e2b25ddf3f63327befe623bb3a9af') in 0.009461 seconds 
========================================================================
Received Import Request.
  Time since last request: 0.599716 seconds.
  path: Assets/_/Textures/Background.png
  artifactKey: Guid(598c3f71539b63447b90215814eaf6e6) Importer(815301076,1909f56bfc062723c751e8b465ee728b)
Start importing Assets/_/Textures/Background.png using Guid(598c3f71539b63447b90215814eaf6e6) Importer(815301076,1909f56bfc062723c751e8b465ee728b)  -> (artifact id: 'da071ad801b5dc7e546201b2774bdbce') in 1.227790 seconds 
========================================================================
Received Import Request.
  Time since last request: 0.000033 seconds.
  path: Assets/_/Textures/CircleSoft.png
  artifactKey: Guid(d19f732193ea214449eeaa4e3c57e849) Importer(815301076,1909f56bfc062723c751e8b465ee728b)
Start importing Assets/_/Textures/CircleSoft.png using Guid(d19f732193ea214449eeaa4e3c57e849) Importer(815301076,1909f56bfc062723c751e8b465ee728b)  -> (artifact id: '018c9fe82d11f0eba4d25a7e32b88dd4') in 0.075936 seconds 
========================================================================
Received Import Request.
  Time since last request: 0.000040 seconds.
  path: Assets/_/Textures/RocksBackground.png
  artifactKey: Guid(cf146ecbc4cd67346badf62cb6fb3733) Importer(815301076,1909f56bfc062723c751e8b465ee728b)
Start importing Assets/_/Textures/RocksBackground.png using Guid(cf146ecbc4cd67346badf62cb6fb3733) Importer(815301076,1909f56bfc062723c751e8b465ee728b)  -> (artifact id: '4cbddd55e32951bfb7dc5b8cdd200651') in 0.158813 seconds 
========================================================================
Received Import Request.
  Time since last request: 0.000036 seconds.
  path: Assets/_/Textures/Gear.png
  artifactKey: Guid(5e95dd516b2eeb94aac6f82422be0a49) Importer(815301076,1909f56bfc062723c751e8b465ee728b)
Start importing Assets/_/Textures/Gear.png using Guid(5e95dd516b2eeb94aac6f82422be0a49) Importer(815301076,1909f56bfc062723c751e8b465ee728b)  -> (artifact id: 'ffeef855333c0612e5f03941e88dca6a') in 0.183901 seconds 
========================================================================
Received Import Request.
  Time since last request: 0.000034 seconds.
  path: Assets/_/Textures/GradientVertical.png
  artifactKey: Guid(f9ac6843a73a85d49a8ac5da5f54806a) Importer(815301076,1909f56bfc062723c751e8b465ee728b)
Start importing Assets/_/Textures/GradientVertical.png using Guid(f9ac6843a73a85d49a8ac5da5f54806a) Importer(815301076,1909f56bfc062723c751e8b465ee728b)  -> (artifact id: '4adfcacdd2a5ae9ff19276e431ef8db6') in 0.024683 seconds 
========================================================================
Received Import Request.
  Time since last request: 0.000053 seconds.
  path: Assets/_/Textures/Spikes.png
  artifactKey: Guid(9bb254e5fda020c46ad54b620666e756) Importer(815301076,1909f56bfc062723c751e8b465ee728b)
Start importing Assets/_/Textures/Spikes.png using Guid(9bb254e5fda020c46ad54b620666e756) Importer(815301076,1909f56bfc062723c751e8b465ee728b)  -> (artifact id: 'ed618b9c56ea69ad680b27d3dbb04a3e') in 0.022830 seconds 
========================================================================
Received Import Request.
  Time since last request: 1.015300 seconds.
  path: Assets/Samples
  artifactKey: Guid(06419dd2253435e4cb2a4589f2b7e239) Importer(815301076,1909f56bfc062723c751e8b465ee728b)
Start importing Assets/Samples using Guid(06419dd2253435e4cb2a4589f2b7e239) Importer(815301076,1909f56bfc062723c751e8b465ee728b)  -> (artifact id: '124d579447f558a7dab6d41364741a42') in 0.120722 seconds 
========================================================================
Received Import Request.
  Time since last request: 1.167151 seconds.
  path: Assets/Samples/Universal RP
  artifactKey: Guid(d5dafb094d5c7a14a8c47e062792fed3) Importer(815301076,1909f56bfc062723c751e8b465ee728b)
Start importing Assets/Samples/Universal RP using Guid(d5dafb094d5c7a14a8c47e062792fed3) Importer(815301076,1909f56bfc062723c751e8b465ee728b)  -> (artifact id: '3d18c08845af707e268eac06ee9f7b51') in 0.023813 seconds 
========================================================================
Received Import Request.
  Time since last request: 0.367035 seconds.
  path: Assets/Samples/Universal RP/13.1.8
  artifactKey: Guid(8f396955f56d7e1478aebf926c00bf8e) Importer(815301076,1909f56bfc062723c751e8b465ee728b)
Start importing Assets/Samples/Universal RP/13.1.8 using Guid(8f396955f56d7e1478aebf926c00bf8e) Importer(815301076,1909f56bfc062723c751e8b465ee728b)  -> (artifact id: 'b516de8e139577d195f8a76870d6f242') in 0.010209 seconds 
========================================================================
Received Import Request.
  Time since last request: 1.114331 seconds.
  path: Assets/Samples/Universal RP/13.1.8/URP Package Samples/CameraStacking
  artifactKey: Guid(fca0937eee5fe4bb395cbd033df1509d) Importer(815301076,1909f56bfc062723c751e8b465ee728b)
Start importing Assets/Samples/Universal RP/13.1.8/URP Package Samples/CameraStacking using Guid(fca0937eee5fe4bb395cbd033df1509d) Importer(815301076,1909f56bfc062723c751e8b465ee728b)  -> (artifact id: '38a65b02c6c178a63cca06edf8b29c7a') in 0.010989 seconds 
========================================================================
Received Import Request.
  Time since last request: 2.181476 seconds.
  path: Assets/Scenes
  artifactKey: Guid(109e9bdd0fcc649c5bc59085c35bdc83) Importer(815301076,1909f56bfc062723c751e8b465ee728b)
Start importing Assets/Scenes using Guid(109e9bdd0fcc649c5bc59085c35bdc83) Importer(815301076,1909f56bfc062723c751e8b465ee728b)  -> (artifact id: '45f73ca555410406aec34eb582943350') in 0.010016 seconds 
========================================================================
Received Import Request.
  Time since last request: 1.411223 seconds.
  path: Assets/Settings
  artifactKey: Guid(0220aab0833d04faeb927d84ca6cc40c) Importer(815301076,1909f56bfc062723c751e8b465ee728b)
Start importing Assets/Settings using Guid(0220aab0833d04faeb927d84ca6cc40c) Importer(815301076,1909f56bfc062723c751e8b465ee728b)  -> (artifact id: '4d3d819ef756c05c6a5834c7d5893acc') in 0.010412 seconds 
========================================================================
Received Import Request.
  Time since last request: 1.402419 seconds.
  path: Assets/Textures/Character.png
  artifactKey: Guid(9975a0e90422771409d72164124fc504) Importer(815301076,1909f56bfc062723c751e8b465ee728b)
Start importing Assets/Textures/Character.png using Guid(9975a0e90422771409d72164124fc504) Importer(815301076,1909f56bfc062723c751e8b465ee728b)  -> (artifact id: '9d2d66353ceb629a11b326ea9c6c9925') in 0.097704 seconds 
========================================================================
Received Import Request.
  Time since last request: 163.979590 seconds.
  path: Assets/Settings/Lit2DSceneTemplate.scenetemplate
  artifactKey: Guid(d03ed43fc9d8a4f2e9fa70c1c7916eb9) Importer(815301076,1909f56bfc062723c751e8b465ee728b)
Start importing Assets/Settings/Lit2DSceneTemplate.scenetemplate using Guid(d03ed43fc9d8a4f2e9fa70c1c7916eb9) Importer(815301076,1909f56bfc062723c751e8b465ee728b)  -> (artifact id: '2c8c62a029a6e0e467dcd3341ebd76e2') in 0.117620 seconds 
========================================================================
Received Import Request.
  Time since last request: 1.290979 seconds.
  path: Assets/Settings/Scenes
  artifactKey: Guid(d574b2fb4661c408f80aa76c0182931f) Importer(815301076,1909f56bfc062723c751e8b465ee728b)
Start importing Assets/Settings/Scenes using Guid(d574b2fb4661c408f80aa76c0182931f) Importer(815301076,1909f56bfc062723c751e8b465ee728b)  -> (artifact id: '6c57aaa07d78b42f550c37600f48820f') in 0.002907 seconds 
========================================================================
Received Prepare
Registering precompiled user dll's ...
Registered in 0.011690 seconds.
Begin MonoManager ReloadAssembly
Symbol file LoadedFromMemory doesn't match image C:\Users\539123\_visual_scripting_\Library\PackageCache\com.unity.visualscripting@1.7.8\Editor\VisualScripting.Core\Dependencies\YamlDotNet\Unity.VisualScripting.YamlDotNet.dll
Symbol file LoadedFromMemory doesn't match image C:\Users\539123\_visual_scripting_\Library\PackageCache\com.unity.visualscripting@1.7.8\Editor\VisualScripting.Core\Dependencies\DotNetZip\Unity.VisualScripting.IonicZip.dll
Native extension for WindowsStandalone target not found
Refreshing native plugins compatible for Editor in 1.23 ms, found 4 plugins.
Preloading 0 native plugins for Editor in 0.00 ms.
Mono: successfully reloaded assembly
- Completed reload, in  1.780 seconds
Domain Reload Profiling:
	ReloadAssembly (1781ms)
		BeginReloadAssembly (175ms)
			ExecutionOrderSort (0ms)
			DisableScriptedObjects (6ms)
			BackupInstance (0ms)
			ReleaseScriptingObjects (0ms)
			CreateAndSetChildDomain (43ms)
		EndReloadAssembly (1410ms)
			LoadAssemblies (138ms)
			RebuildTransferFunctionScriptingTraits (0ms)
			SetupTypeCache (685ms)
				TypeCache.Initialize (674ms)
					TypeCache.ScanAssembly (668ms)
				ResolveRequiredComponents (11ms)
			ReleaseScriptCaches (2ms)
			RebuildScriptCaches (54ms)
			SetupLoadedEditorAssemblies (472ms)
				LogAssemblyErrors (0ms)
				InitializePlatformSupportModulesInManaged (15ms)
				SetLoadedEditorAssemblies (6ms)
				RefreshPlugins (1ms)
				BeforeProcessingInitializeOnLoad (102ms)
				ProcessInitializeOnLoadAttributes (255ms)
				ProcessInitializeOnLoadMethodAttributes (81ms)
				AfterProcessingInitializeOnLoad (12ms)
				EditorAssembliesLoaded (0ms)
			ExecutionOrderSort2 (0ms)
			AwakeInstancesAfterBackupRestoration (10ms)
Platform modules already initialized, skipping
Refreshing native plugins compatible for Editor in 5.27 ms, found 4 plugins.
Preloading 0 native plugins for Editor in 0.00 ms.
Unloading 5451 Unused Serialized files (Serialized files now loaded: 0)
Unloading 28 unused Assets / (336.0 KB). Loaded Objects now: 6079.
Memory consumption went from 0.84 GB to 0.84 GB.
Total: 5.172000 ms (FindLiveObjects: 0.744100 ms CreateObjectMapping: 0.224900 ms MarkObjects: 4.003500 ms  DeleteObjects: 0.197900 ms)

AssetImportParameters requested are different than current active one (requested -> active):
  custom:video-decoder-ogg-theora: a1e56fd34408186e4bbccfd4996cb3dc -> 
  custom:container-muxer-webm: aa71ff27fc2769a1b78a27578f13a17b -> 
  custom:container-demuxer-webm: 4f35f7cbe854078d1ac9338744f61a02 -> 
  custom:video-encoder-webm-vp8: eb34c28f22e8b96e1ab97ce403110664 -> 
  custom:audio-encoder-webm-vorbis: bf7c407c2cedff20999df2af8eb42d56 -> 
  custom:framework-win-MediaFoundation: 216162199b28c13a410421893ffa2e32 -> 
  custom:container-demuxer-ogg: 62fdf1f143b41e24485cea50d1cbac27 -> 
  custom:video-decoder-webm-vp8: 9c59270c3fd7afecdb556c50c9e8de78 -> 
  custom:audio-decoder-ogg-vorbis: bf7c407c2cedff20999df2af8eb42d56 -> 
========================================================================
Received Import Request.
  Time since last request: 359.594784 seconds.
  path: Assets/Samples/Universal RP/13.1.8/URP Package Samples/SharedAssets/Sky.mat
  artifactKey: Guid(1b02704461af04bbb9596647946b57a5) Importer(815301076,1909f56bfc062723c751e8b465ee728b)
Start importing Assets/Samples/Universal RP/13.1.8/URP Package Samples/SharedAssets/Sky.mat using Guid(1b02704461af04bbb9596647946b57a5) Importer(815301076,1909f56bfc062723c751e8b465ee728b)  -> (artifact id: '42a5d94c6b305f46c6312f8e98464fbf') in 0.466486 seconds 
========================================================================
Received Prepare
Registering precompiled user dll's ...
Registered in 0.010925 seconds.
Begin MonoManager ReloadAssembly
Symbol file LoadedFromMemory doesn't match image C:\Users\539123\_visual_scripting_\Library\PackageCache\com.unity.visualscripting@1.7.8\Editor\VisualScripting.Core\Dependencies\YamlDotNet\Unity.VisualScripting.YamlDotNet.dll
Symbol file LoadedFromMemory doesn't match image C:\Users\539123\_visual_scripting_\Library\PackageCache\com.unity.visualscripting@1.7.8\Editor\VisualScripting.Core\Dependencies\DotNetZip\Unity.VisualScripting.IonicZip.dll
Native extension for WindowsStandalone target not found
Refreshing native plugins compatible for Editor in 1.20 ms, found 4 plugins.
Preloading 0 native plugins for Editor in 0.00 ms.
Mono: successfully reloaded assembly
- Completed reload, in  1.275 seconds
Domain Reload Profiling:
	ReloadAssembly (1276ms)
		BeginReloadAssembly (145ms)
			ExecutionOrderSort (0ms)
			DisableScriptedObjects (8ms)
			BackupInstance (0ms)
			ReleaseScriptingObjects (0ms)
			CreateAndSetChildDomain (43ms)
		EndReloadAssembly (1021ms)
			LoadAssemblies (110ms)
			RebuildTransferFunctionScriptingTraits (0ms)
			SetupTypeCache (269ms)
				TypeCache.Initialize (258ms)
					TypeCache.ScanAssembly (251ms)
				ResolveRequiredComponents (11ms)
			ReleaseScriptCaches (2ms)
			RebuildScriptCaches (45ms)
			SetupLoadedEditorAssemblies (519ms)
				LogAssemblyErrors (0ms)
				InitializePlatformSupportModulesInManaged (14ms)
				SetLoadedEditorAssemblies (6ms)
				RefreshPlugins (1ms)
				BeforeProcessingInitializeOnLoad (127ms)
				ProcessInitializeOnLoadAttributes (272ms)
				ProcessInitializeOnLoadMethodAttributes (79ms)
				AfterProcessingInitializeOnLoad (19ms)
				EditorAssembliesLoaded (0ms)
			ExecutionOrderSort2 (0ms)
			AwakeInstancesAfterBackupRestoration (14ms)
Platform modules already initialized, skipping
Refreshing native plugins compatible for Editor in 3.63 ms, found 4 plugins.
Preloading 0 native plugins for Editor in 0.00 ms.
Unloading 5611 Unused Serialized files (Serialized files now loaded: 0)
Unloading 30 unused Assets / (430.6 KB). Loaded Objects now: 6328.
Memory consumption went from 0.87 GB to 0.87 GB.
Total: 4.046500 ms (FindLiveObjects: 0.531500 ms CreateObjectMapping: 0.213600 ms MarkObjects: 3.112900 ms  DeleteObjects: 0.187400 ms)

AssetImportParameters requested are different than current active one (requested -> active):
  custom:video-decoder-ogg-theora: a1e56fd34408186e4bbccfd4996cb3dc -> 
  custom:container-muxer-webm: aa71ff27fc2769a1b78a27578f13a17b -> 
  custom:container-demuxer-webm: 4f35f7cbe854078d1ac9338744f61a02 -> 
  custom:video-encoder-webm-vp8: eb34c28f22e8b96e1ab97ce403110664 -> 
  custom:audio-encoder-webm-vorbis: bf7c407c2cedff20999df2af8eb42d56 -> 
  custom:framework-win-MediaFoundation: 216162199b28c13a410421893ffa2e32 -> 
  custom:container-demuxer-ogg: 62fdf1f143b41e24485cea50d1cbac27 -> 
  custom:video-decoder-webm-vp8: 9c59270c3fd7afecdb556c50c9e8de78 -> 
  custom:audio-decoder-ogg-vorbis: bf7c407c2cedff20999df2af8eb42d56 -> 
========================================================================
Received Prepare
Registering precompiled user dll's ...
Registered in 0.013035 seconds.
Begin MonoManager ReloadAssembly
Symbol file LoadedFromMemory doesn't match image C:\Users\539123\_visual_scripting_\Library\PackageCache\com.unity.visualscripting@1.7.8\Editor\VisualScripting.Core\Dependencies\YamlDotNet\Unity.VisualScripting.YamlDotNet.dll
Symbol file LoadedFromMemory doesn't match image C:\Users\539123\_visual_scripting_\Library\PackageCache\com.unity.visualscripting@1.7.8\Editor\VisualScripting.Core\Dependencies\DotNetZip\Unity.VisualScripting.IonicZip.dll
Native extension for WindowsStandalone target not found
Refreshing native plugins compatible for Editor in 1.19 ms, found 4 plugins.
Preloading 0 native plugins for Editor in 0.00 ms.
Mono: successfully reloaded assembly
- Completed reload, in  1.916 seconds
Domain Reload Profiling:
	ReloadAssembly (1917ms)
		BeginReloadAssembly (178ms)
			ExecutionOrderSort (0ms)
			DisableScriptedObjects (6ms)
			BackupInstance (0ms)
			ReleaseScriptingObjects (0ms)
			CreateAndSetChildDomain (39ms)
		EndReloadAssembly (1497ms)
			LoadAssemblies (147ms)
			RebuildTransferFunctionScriptingTraits (0ms)
			SetupTypeCache (669ms)
				TypeCache.Initialize (658ms)
					TypeCache.ScanAssembly (652ms)
				ResolveRequiredComponents (11ms)
			ReleaseScriptCaches (2ms)
			RebuildScriptCaches (51ms)
			SetupLoadedEditorAssemblies (496ms)
				LogAssemblyErrors (0ms)
				InitializePlatformSupportModulesInManaged (12ms)
				SetLoadedEditorAssemblies (6ms)
				RefreshPlugins (1ms)
				BeforeProcessingInitializeOnLoad (108ms)
				ProcessInitializeOnLoadAttributes (270ms)
				ProcessInitializeOnLoadMethodAttributes (80ms)
				AfterProcessingInitializeOnLoad (18ms)
				EditorAssembliesLoaded (0ms)
			ExecutionOrderSort2 (0ms)
			AwakeInstancesAfterBackupRestoration (11ms)
Platform modules already initialized, skipping
Refreshing native plugins compatible for Editor in 4.10 ms, found 4 plugins.
Preloading 0 native plugins for Editor in 0.00 ms.
Unloading 5611 Unused Serialized files (Serialized files now loaded: 0)
Unloading 30 unused Assets / (430.9 KB). Loaded Objects now: 6344.
Memory consumption went from 0.87 GB to 0.87 GB.
Total: 4.796500 ms (FindLiveObjects: 0.573600 ms CreateObjectMapping: 0.285100 ms MarkObjects: 3.715300 ms  DeleteObjects: 0.221500 ms)

AssetImportParameters requested are different than current active one (requested -> active):
  custom:video-decoder-ogg-theora: a1e56fd34408186e4bbccfd4996cb3dc -> 
  custom:container-muxer-webm: aa71ff27fc2769a1b78a27578f13a17b -> 
  custom:container-demuxer-webm: 4f35f7cbe854078d1ac9338744f61a02 -> 
  custom:video-encoder-webm-vp8: eb34c28f22e8b96e1ab97ce403110664 -> 
  custom:audio-encoder-webm-vorbis: bf7c407c2cedff20999df2af8eb42d56 -> 
  custom:framework-win-MediaFoundation: 216162199b28c13a410421893ffa2e32 -> 
  custom:container-demuxer-ogg: 62fdf1f143b41e24485cea50d1cbac27 -> 
  custom:video-decoder-webm-vp8: 9c59270c3fd7afecdb556c50c9e8de78 -> 
  custom:audio-decoder-ogg-vorbis: bf7c407c2cedff20999df2af8eb42d56 -> 
========================================================================
Received Prepare
Registering precompiled user dll's ...
Registered in 0.016373 seconds.
Begin MonoManager ReloadAssembly
Symbol file LoadedFromMemory doesn't match image C:\Users\539123\_visual_scripting_\Library\PackageCache\com.unity.visualscripting@1.7.8\Editor\VisualScripting.Core\Dependencies\YamlDotNet\Unity.VisualScripting.YamlDotNet.dll
Symbol file LoadedFromMemory doesn't match image C:\Users\539123\_visual_scripting_\Library\PackageCache\com.unity.visualscripting@1.7.8\Editor\VisualScripting.Core\Dependencies\DotNetZip\Unity.VisualScripting.IonicZip.dll
Native extension for WindowsStandalone target not found
Refreshing native plugins compatible for Editor in 1.76 ms, found 4 plugins.
Preloading 0 native plugins for Editor in 0.00 ms.
Mono: successfully reloaded assembly
- Completed reload, in  1.326 seconds
Domain Reload Profiling:
	ReloadAssembly (1327ms)
		BeginReloadAssembly (154ms)
			ExecutionOrderSort (0ms)
			DisableScriptedObjects (6ms)
			BackupInstance (0ms)
			ReleaseScriptingObjects (0ms)
			CreateAndSetChildDomain (44ms)
		EndReloadAssembly (1056ms)
			LoadAssemblies (115ms)
			RebuildTransferFunctionScriptingTraits (0ms)
			SetupTypeCache (288ms)
				TypeCache.Initialize (272ms)
					TypeCache.ScanAssembly (265ms)
				ResolveRequiredComponents (16ms)
			ReleaseScriptCaches (2ms)
			RebuildScriptCaches (66ms)
			SetupLoadedEditorAssemblies (511ms)
				LogAssemblyErrors (0ms)
				InitializePlatformSupportModulesInManaged (15ms)
				SetLoadedEditorAssemblies (7ms)
				RefreshPlugins (2ms)
				BeforeProcessingInitializeOnLoad (109ms)
				ProcessInitializeOnLoadAttributes (270ms)
				ProcessInitializeOnLoadMethodAttributes (93ms)
				AfterProcessingInitializeOnLoad (16ms)
				EditorAssembliesLoaded (0ms)
			ExecutionOrderSort2 (0ms)
			AwakeInstancesAfterBackupRestoration (13ms)
Platform modules already initialized, skipping
Refreshing native plugins compatible for Editor in 3.78 ms, found 4 plugins.
Preloading 0 native plugins for Editor in 0.00 ms.
Unloading 5611 Unused Serialized files (Serialized files now loaded: 0)
Unloading 30 unused Assets / (430.8 KB). Loaded Objects now: 6360.
Memory consumption went from 0.87 GB to 0.87 GB.
Total: 5.457800 ms (FindLiveObjects: 0.578600 ms CreateObjectMapping: 0.156300 ms MarkObjects: 4.445500 ms  DeleteObjects: 0.276300 ms)

AssetImportParameters requested are different than current active one (requested -> active):
  custom:video-decoder-ogg-theora: a1e56fd34408186e4bbccfd4996cb3dc -> 
  custom:container-muxer-webm: aa71ff27fc2769a1b78a27578f13a17b -> 
  custom:container-demuxer-webm: 4f35f7cbe854078d1ac9338744f61a02 -> 
  custom:video-encoder-webm-vp8: eb34c28f22e8b96e1ab97ce403110664 -> 
  custom:audio-encoder-webm-vorbis: bf7c407c2cedff20999df2af8eb42d56 -> 
  custom:framework-win-MediaFoundation: 216162199b28c13a410421893ffa2e32 -> 
  custom:container-demuxer-ogg: 62fdf1f143b41e24485cea50d1cbac27 -> 
  custom:video-decoder-webm-vp8: 9c59270c3fd7afecdb556c50c9e8de78 -> 
  custom:audio-decoder-ogg-vorbis: bf7c407c2cedff20999df2af8eb42d56 -> 
========================================================================
Received Import Request.
  Time since last request: 12475.784893 seconds.
  path: Assets
  artifactKey: Guid(00000000000000001000000000000000) Importer(815301076,1909f56bfc062723c751e8b465ee728b)
Start importing Assets using Guid(00000000000000001000000000000000) Importer(815301076,1909f56bfc062723c751e8b465ee728b)  -> (artifact id: '643dbe22ecb75e7bba7c4df53f6b1cbf') in 1.155155 seconds 
========================================================================
Received Import Request.
  Time since last request: 1572.197913 seconds.
  path: Assets/Rotation.asset
  artifactKey: Guid(daf77e532e8e12347b38e2920f7015e1) Importer(815301076,1909f56bfc062723c751e8b465ee728b)
Start importing Assets/Rotation.asset using Guid(daf77e532e8e12347b38e2920f7015e1) Importer(815301076,1909f56bfc062723c751e8b465ee728b)  -> (artifact id: '8269cbbc8663684eabadba2c7eda285a') in 0.750101 seconds 
========================================================================
Received Prepare
Registering precompiled user dll's ...
Registered in 0.014399 seconds.
Begin MonoManager ReloadAssembly
Symbol file LoadedFromMemory doesn't match image C:\Users\539123\_visual_scripting_\Library\PackageCache\com.unity.visualscripting@1.7.8\Editor\VisualScripting.Core\Dependencies\YamlDotNet\Unity.VisualScripting.YamlDotNet.dll
Symbol file LoadedFromMemory doesn't match image C:\Users\539123\_visual_scripting_\Library\PackageCache\com.unity.visualscripting@1.7.8\Editor\VisualScripting.Core\Dependencies\DotNetZip\Unity.VisualScripting.IonicZip.dll
Native extension for WindowsStandalone target not found
Refreshing native plugins compatible for Editor in 1.30 ms, found 4 plugins.
Preloading 0 native plugins for Editor in 0.00 ms.
Mono: successfully reloaded assembly
- Completed reload, in  1.895 seconds
Domain Reload Profiling:
	ReloadAssembly (1896ms)
		BeginReloadAssembly (256ms)
			ExecutionOrderSort (0ms)
			DisableScriptedObjects (11ms)
			BackupInstance (0ms)
			ReleaseScriptingObjects (0ms)
			CreateAndSetChildDomain (93ms)
		EndReloadAssembly (1454ms)
			LoadAssemblies (149ms)
			RebuildTransferFunctionScriptingTraits (0ms)
			SetupTypeCache (670ms)
				TypeCache.Initialize (659ms)
					TypeCache.ScanAssembly (652ms)
				ResolveRequiredComponents (11ms)
			ReleaseScriptCaches (3ms)
			RebuildScriptCaches (60ms)
			SetupLoadedEditorAssemblies (499ms)
				LogAssemblyErrors (0ms)
				InitializePlatformSupportModulesInManaged (14ms)
				SetLoadedEditorAssemblies (6ms)
				RefreshPlugins (1ms)
				BeforeProcessingInitializeOnLoad (118ms)
				ProcessInitializeOnLoadAttributes (266ms)
				ProcessInitializeOnLoadMethodAttributes (79ms)
				AfterProcessingInitializeOnLoad (14ms)
				EditorAssembliesLoaded (0ms)
			ExecutionOrderSort2 (0ms)
			AwakeInstancesAfterBackupRestoration (11ms)
Platform modules already initialized, skipping
Refreshing native plugins compatible for Editor in 4.96 ms, found 4 plugins.
Preloading 0 native plugins for Editor in 0.00 ms.
Unloading 5611 Unused Serialized files (Serialized files now loaded: 0)
Unloading 30 unused Assets / (430.7 KB). Loaded Objects now: 6376.
Memory consumption went from 0.87 GB to 0.87 GB.
Total: 5.043100 ms (FindLiveObjects: 0.476600 ms CreateObjectMapping: 0.461000 ms MarkObjects: 3.858500 ms  DeleteObjects: 0.246200 ms)

AssetImportParameters requested are different than current active one (requested -> active):
  custom:video-decoder-ogg-theora: a1e56fd34408186e4bbccfd4996cb3dc -> 
  custom:container-muxer-webm: aa71ff27fc2769a1b78a27578f13a17b -> 
  custom:container-demuxer-webm: 4f35f7cbe854078d1ac9338744f61a02 -> 
  custom:video-encoder-webm-vp8: eb34c28f22e8b96e1ab97ce403110664 -> 
  custom:audio-encoder-webm-vorbis: bf7c407c2cedff20999df2af8eb42d56 -> 
  custom:framework-win-MediaFoundation: 216162199b28c13a410421893ffa2e32 -> 
  custom:container-demuxer-ogg: 62fdf1f143b41e24485cea50d1cbac27 -> 
  custom:video-decoder-webm-vp8: 9c59270c3fd7afecdb556c50c9e8de78 -> 
  custom:audio-decoder-ogg-vorbis: bf7c407c2cedff20999df2af8eb42d56 -> 
========================================================================
Received Prepare
Registering precompiled user dll's ...
Registered in 0.011451 seconds.
Begin MonoManager ReloadAssembly
Symbol file LoadedFromMemory doesn't match image C:\Users\539123\_visual_scripting_\Library\PackageCache\com.unity.visualscripting@1.7.8\Editor\VisualScripting.Core\Dependencies\YamlDotNet\Unity.VisualScripting.YamlDotNet.dll
Symbol file LoadedFromMemory doesn't match image C:\Users\539123\_visual_scripting_\Library\PackageCache\com.unity.visualscripting@1.7.8\Editor\VisualScripting.Core\Dependencies\DotNetZip\Unity.VisualScripting.IonicZip.dll
Native extension for WindowsStandalone target not found
Refreshing native plugins compatible for Editor in 1.58 ms, found 4 plugins.
Preloading 0 native plugins for Editor in 0.00 ms.
Mono: successfully reloaded assembly
- Completed reload, in  1.241 seconds
Domain Reload Profiling:
	ReloadAssembly (1242ms)
		BeginReloadAssembly (148ms)
			ExecutionOrderSort (0ms)
			DisableScriptedObjects (6ms)
			BackupInstance (0ms)
			ReleaseScriptingObjects (0ms)
			CreateAndSetChildDomain (41ms)
		EndReloadAssembly (991ms)
			LoadAssemblies (106ms)
			RebuildTransferFunctionScriptingTraits (0ms)
			SetupTypeCache (244ms)
				TypeCache.Initialize (233ms)
					TypeCache.ScanAssembly (227ms)
				ResolveRequiredComponents (11ms)
			ReleaseScriptCaches (2ms)
			RebuildScriptCaches (51ms)
			SetupLoadedEditorAssemblies (516ms)
				LogAssemblyErrors (0ms)
				InitializePlatformSupportModulesInManaged (13ms)
				SetLoadedEditorAssemblies (9ms)
				RefreshPlugins (2ms)
				BeforeProcessingInitializeOnLoad (116ms)
				ProcessInitializeOnLoadAttributes (266ms)
				ProcessInitializeOnLoadMethodAttributes (90ms)
				AfterProcessingInitializeOnLoad (19ms)
				EditorAssembliesLoaded (0ms)
			ExecutionOrderSort2 (0ms)
			AwakeInstancesAfterBackupRestoration (12ms)
Platform modules already initialized, skipping
Refreshing native plugins compatible for Editor in 6.56 ms, found 4 plugins.
Preloading 0 native plugins for Editor in 0.00 ms.
Unloading 5611 Unused Serialized files (Serialized files now loaded: 0)
Unloading 30 unused Assets / (430.9 KB). Loaded Objects now: 6392.
Memory consumption went from 0.87 GB to 0.87 GB.
Total: 7.244700 ms (FindLiveObjects: 0.984100 ms CreateObjectMapping: 0.250300 ms MarkObjects: 5.632800 ms  DeleteObjects: 0.375700 ms)

AssetImportParameters requested are different than current active one (requested -> active):
  custom:video-decoder-ogg-theora: a1e56fd34408186e4bbccfd4996cb3dc -> 
  custom:container-muxer-webm: aa71ff27fc2769a1b78a27578f13a17b -> 
  custom:container-demuxer-webm: 4f35f7cbe854078d1ac9338744f61a02 -> 
  custom:video-encoder-webm-vp8: eb34c28f22e8b96e1ab97ce403110664 -> 
  custom:audio-encoder-webm-vorbis: bf7c407c2cedff20999df2af8eb42d56 -> 
  custom:framework-win-MediaFoundation: 216162199b28c13a410421893ffa2e32 -> 
  custom:container-demuxer-ogg: 62fdf1f143b41e24485cea50d1cbac27 -> 
  custom:video-decoder-webm-vp8: 9c59270c3fd7afecdb556c50c9e8de78 -> 
  custom:audio-decoder-ogg-vorbis: bf7c407c2cedff20999df2af8eb42d56 -> 
========================================================================
Received Prepare
Registering precompiled user dll's ...
Registered in 0.018870 seconds.
Begin MonoManager ReloadAssembly
Symbol file LoadedFromMemory doesn't match image C:\Users\539123\_visual_scripting_\Library\PackageCache\com.unity.visualscripting@1.7.8\Editor\VisualScripting.Core\Dependencies\YamlDotNet\Unity.VisualScripting.YamlDotNet.dll
Symbol file LoadedFromMemory doesn't match image C:\Users\539123\_visual_scripting_\Library\PackageCache\com.unity.visualscripting@1.7.8\Editor\VisualScripting.Core\Dependencies\DotNetZip\Unity.VisualScripting.IonicZip.dll
Native extension for WindowsStandalone target not found
Refreshing native plugins compatible for Editor in 1.31 ms, found 4 plugins.
Preloading 0 native plugins for Editor in 0.00 ms.
Mono: successfully reloaded assembly
- Completed reload, in  1.287 seconds
Domain Reload Profiling:
	ReloadAssembly (1288ms)
		BeginReloadAssembly (170ms)
			ExecutionOrderSort (0ms)
			DisableScriptedObjects (9ms)
			BackupInstance (0ms)
			ReleaseScriptingObjects (0ms)
			CreateAndSetChildDomain (47ms)
		EndReloadAssembly (990ms)
			LoadAssemblies (114ms)
			RebuildTransferFunctionScriptingTraits (0ms)
			SetupTypeCache (244ms)
				TypeCache.Initialize (233ms)
					TypeCache.ScanAssembly (227ms)
				ResolveRequiredComponents (11ms)
			ReleaseScriptCaches (2ms)
			RebuildScriptCaches (50ms)
			SetupLoadedEditorAssemblies (515ms)
				LogAssemblyErrors (0ms)
				InitializePlatformSupportModulesInManaged (18ms)
				SetLoadedEditorAssemblies (7ms)
				RefreshPlugins (1ms)
				BeforeProcessingInitializeOnLoad (114ms)
				ProcessInitializeOnLoadAttributes (279ms)
				ProcessInitializeOnLoadMethodAttributes (81ms)
				AfterProcessingInitializeOnLoad (14ms)
				EditorAssembliesLoaded (0ms)
			ExecutionOrderSort2 (0ms)
			AwakeInstancesAfterBackupRestoration (12ms)
Platform modules already initialized, skipping
Refreshing native plugins compatible for Editor in 4.43 ms, found 4 plugins.
Preloading 0 native plugins for Editor in 0.00 ms.
Unloading 5611 Unused Serialized files (Serialized files now loaded: 0)
Unloading 30 unused Assets / (430.9 KB). Loaded Objects now: 6408.
Memory consumption went from 0.87 GB to 0.87 GB.
Total: 4.307400 ms (FindLiveObjects: 0.578100 ms CreateObjectMapping: 0.154900 ms MarkObjects: 3.334400 ms  DeleteObjects: 0.239200 ms)

AssetImportParameters requested are different than current active one (requested -> active):
  custom:video-decoder-ogg-theora: a1e56fd34408186e4bbccfd4996cb3dc -> 
  custom:container-muxer-webm: aa71ff27fc2769a1b78a27578f13a17b -> 
  custom:container-demuxer-webm: 4f35f7cbe854078d1ac9338744f61a02 -> 
  custom:video-encoder-webm-vp8: eb34c28f22e8b96e1ab97ce403110664 -> 
  custom:audio-encoder-webm-vorbis: bf7c407c2cedff20999df2af8eb42d56 -> 
  custom:framework-win-MediaFoundation: 216162199b28c13a410421893ffa2e32 -> 
  custom:container-demuxer-ogg: 62fdf1f143b41e24485cea50d1cbac27 -> 
  custom:video-decoder-webm-vp8: 9c59270c3fd7afecdb556c50c9e8de78 -> 
  custom:audio-decoder-ogg-vorbis: bf7c407c2cedff20999df2af8eb42d56 -> 
========================================================================
Received Prepare
Registering precompiled user dll's ...
Registered in 0.011879 seconds.
Begin MonoManager ReloadAssembly
Symbol file LoadedFromMemory doesn't match image C:\Users\539123\_visual_scripting_\Library\PackageCache\com.unity.visualscripting@1.7.8\Editor\VisualScripting.Core\Dependencies\YamlDotNet\Unity.VisualScripting.YamlDotNet.dll
Symbol file LoadedFromMemory doesn't match image C:\Users\539123\_visual_scripting_\Library\PackageCache\com.unity.visualscripting@1.7.8\Editor\VisualScripting.Core\Dependencies\DotNetZip\Unity.VisualScripting.IonicZip.dll
Native extension for WindowsStandalone target not found
Refreshing native plugins compatible for Editor in 1.27 ms, found 4 plugins.
Preloading 0 native plugins for Editor in 0.00 ms.
Mono: successfully reloaded assembly
- Completed reload, in  1.253 seconds
Domain Reload Profiling:
	ReloadAssembly (1253ms)
		BeginReloadAssembly (143ms)
			ExecutionOrderSort (0ms)
			DisableScriptedObjects (6ms)
			BackupInstance (0ms)
			ReleaseScriptingObjects (0ms)
			CreateAndSetChildDomain (39ms)
		EndReloadAssembly (998ms)
			LoadAssemblies (115ms)
			RebuildTransferFunctionScriptingTraits (0ms)
			SetupTypeCache (254ms)
				TypeCache.Initialize (243ms)
					TypeCache.ScanAssembly (237ms)
				ResolveRequiredComponents (11ms)
			ReleaseScriptCaches (2ms)
			RebuildScriptCaches (51ms)
			SetupLoadedEditorAssemblies (508ms)
				LogAssemblyErrors (0ms)
				InitializePlatformSupportModulesInManaged (13ms)
				SetLoadedEditorAssemblies (6ms)
				RefreshPlugins (1ms)
				BeforeProcessingInitializeOnLoad (110ms)
				ProcessInitializeOnLoadAttributes (271ms)
				ProcessInitializeOnLoadMethodAttributes (89ms)
				AfterProcessingInitializeOnLoad (16ms)
				EditorAssembliesLoaded (0ms)
			ExecutionOrderSort2 (0ms)
			AwakeInstancesAfterBackupRestoration (12ms)
Platform modules already initialized, skipping
Refreshing native plugins compatible for Editor in 3.44 ms, found 4 plugins.
Preloading 0 native plugins for Editor in 0.00 ms.
Unloading 5611 Unused Serialized files (Serialized files now loaded: 0)
Unloading 30 unused Assets / (432.0 KB). Loaded Objects now: 6424.
Memory consumption went from 0.87 GB to 0.87 GB.
Total: 4.222100 ms (FindLiveObjects: 0.529200 ms CreateObjectMapping: 0.135500 ms MarkObjects: 3.237200 ms  DeleteObjects: 0.319300 ms)

AssetImportParameters requested are different than current active one (requested -> active):
  custom:video-decoder-ogg-theora: a1e56fd34408186e4bbccfd4996cb3dc -> 
  custom:container-muxer-webm: aa71ff27fc2769a1b78a27578f13a17b -> 
  custom:container-demuxer-webm: 4f35f7cbe854078d1ac9338744f61a02 -> 
  custom:video-encoder-webm-vp8: eb34c28f22e8b96e1ab97ce403110664 -> 
  custom:audio-encoder-webm-vorbis: bf7c407c2cedff20999df2af8eb42d56 -> 
  custom:framework-win-MediaFoundation: 216162199b28c13a410421893ffa2e32 -> 
  custom:container-demuxer-ogg: 62fdf1f143b41e24485cea50d1cbac27 -> 
  custom:video-decoder-webm-vp8: 9c59270c3fd7afecdb556c50c9e8de78 -> 
  custom:audio-decoder-ogg-vorbis: bf7c407c2cedff20999df2af8eb42d56 -> 
========================================================================
Received Import Request.
  Time since last request: 1065.304063 seconds.
  path: Assets/MAterials
  artifactKey: Guid(d3f28d0c9bbcf8141a4c6ce52129dcaf) Importer(815301076,1909f56bfc062723c751e8b465ee728b)
Start importing Assets/MAterials using Guid(d3f28d0c9bbcf8141a4c6ce52129dcaf) Importer(815301076,1909f56bfc062723c751e8b465ee728b)  -> (artifact id: '581b82b3a66bf0a2eb152a7a5db070e2') in 0.021575 seconds 
========================================================================
Received Import Request.
  Time since last request: 19.643572 seconds.
  path: Assets/MAterials/New Material.mat
  artifactKey: Guid(0511ef9427e672b4d97fa48c8a6c4029) Importer(815301076,1909f56bfc062723c751e8b465ee728b)
Start importing Assets/MAterials/New Material.mat using Guid(0511ef9427e672b4d97fa48c8a6c4029) Importer(815301076,1909f56bfc062723c751e8b465ee728b)  -> (artifact id: '966806d391fe5240768b3e1497f5d4ca') in 0.244147 seconds 
========================================================================
Received Import Request.
  Time since last request: 24.766063 seconds.
  path: Packages/com.unity.collab-proxy/Editor/Collaborate/Assets/Icons/added-file-dark.png
  artifactKey: Guid(1a4f52b613391cd449af3ad2e44affeb) Importer(815301076,1909f56bfc062723c751e8b465ee728b)
Start importing Packages/com.unity.collab-proxy/Editor/Collaborate/Assets/Icons/added-file-dark.png using Guid(1a4f52b613391cd449af3ad2e44affeb) Importer(815301076,1909f56bfc062723c751e8b465ee728b)  -> (artifact id: '2a8852b911341474eee1fa9043ef7308') in 0.023401 seconds 
========================================================================
Received Import Request.
  Time since last request: 0.006801 seconds.
  path: Packages/com.unity.2d.animation/Editor/Assets/ComponentIcons/Animation.SpriteLibrary.png
  artifactKey: Guid(3024cb66f112f47f599953fe508d632f) Importer(815301076,1909f56bfc062723c751e8b465ee728b)
Start importing Packages/com.unity.2d.animation/Editor/Assets/ComponentIcons/Animation.SpriteLibrary.png using Guid(3024cb66f112f47f599953fe508d632f) Importer(815301076,1909f56bfc062723c751e8b465ee728b)  -> (artifact id: '788225326f2604866a2b4ba73d3d9b1a') in 0.037365 seconds 
========================================================================
Received Import Request.
  Time since last request: 0.000025 seconds.
  path: Packages/com.unity.2d.animation/Editor/Assets/ComponentIcons/Animation.SpriteLibrary On@32.png
  artifactKey: Guid(fad537f7b1df74e869915bbab4356a0f) Importer(815301076,1909f56bfc062723c751e8b465ee728b)
Start importing Packages/com.unity.2d.animation/Editor/Assets/ComponentIcons/Animation.SpriteLibrary On@32.png using Guid(fad537f7b1df74e869915bbab4356a0f) Importer(815301076,1909f56bfc062723c751e8b465ee728b)  -> (artifact id: 'fb04afed3c95cb1b555ef3bfd075bf00') in 0.027777 seconds 
========================================================================
Received Import Request.
  Time since last request: 0.000037 seconds.
  path: Packages/com.unity.2d.animation/Editor/Assets/ComponentIcons/Animation.SpriteLibrary On@64.png
  artifactKey: Guid(19370790a791d4fc99ee3830251366f8) Importer(815301076,1909f56bfc062723c751e8b465ee728b)
Start importing Packages/com.unity.2d.animation/Editor/Assets/ComponentIcons/Animation.SpriteLibrary On@64.png using Guid(19370790a791d4fc99ee3830251366f8) Importer(815301076,1909f56bfc062723c751e8b465ee728b)  -> (artifact id: 'e27c2109a026478d2ec3e6d1e0bb0a0c') in 0.034177 seconds 
========================================================================
Received Import Request.
  Time since last request: 0.000028 seconds.
  path: Packages/com.unity.collab-proxy/Editor/Collaborate/Assets/Icons/added-file-light.png
  artifactKey: Guid(397fff6c3885f8343bb65714f0064b5d) Importer(815301076,1909f56bfc062723c751e8b465ee728b)
Start importing Packages/com.unity.collab-proxy/Editor/Collaborate/Assets/Icons/added-file-light.png using Guid(397fff6c3885f8343bb65714f0064b5d) Importer(815301076,1909f56bfc062723c751e8b465ee728b)  -> (artifact id: '248cad44901c7e67e5c09b6786485d88') in 0.020673 seconds 
========================================================================
Received Import Request.
  Time since last request: 66.199405 seconds.
  path: Assets/Rotation.asset
  artifactKey: Guid(daf77e532e8e12347b38e2920f7015e1) Importer(815301076,1909f56bfc062723c751e8b465ee728b)
Start importing Assets/Rotation.asset using Guid(daf77e532e8e12347b38e2920f7015e1) Importer(815301076,1909f56bfc062723c751e8b465ee728b)  -> (artifact id: '9a173c10d0bcdbc5c66711081d2c59de') in 0.600418 seconds 
========================================================================
Received Prepare
Registering precompiled user dll's ...
Registered in 0.009435 seconds.
Begin MonoManager ReloadAssembly
Symbol file LoadedFromMemory doesn't match image C:\Users\539123\_visual_scripting_\Library\PackageCache\com.unity.visualscripting@1.7.8\Editor\VisualScripting.Core\Dependencies\YamlDotNet\Unity.VisualScripting.YamlDotNet.dll
Symbol file LoadedFromMemory doesn't match image C:\Users\539123\_visual_scripting_\Library\PackageCache\com.unity.visualscripting@1.7.8\Editor\VisualScripting.Core\Dependencies\DotNetZip\Unity.VisualScripting.IonicZip.dll
Native extension for WindowsStandalone target not found
Refreshing native plugins compatible for Editor in 1.44 ms, found 4 plugins.
Preloading 0 native plugins for Editor in 0.00 ms.
Mono: successfully reloaded assembly
- Completed reload, in  1.354 seconds
Domain Reload Profiling:
	ReloadAssembly (1355ms)
		BeginReloadAssembly (164ms)
			ExecutionOrderSort (0ms)
			DisableScriptedObjects (8ms)
			BackupInstance (0ms)
			ReleaseScriptingObjects (0ms)
			CreateAndSetChildDomain (62ms)
		EndReloadAssembly (1087ms)
			LoadAssemblies (100ms)
			RebuildTransferFunctionScriptingTraits (0ms)
			SetupTypeCache (299ms)
				TypeCache.Initialize (288ms)
					TypeCache.ScanAssembly (281ms)
				ResolveRequiredComponents (11ms)
			ReleaseScriptCaches (3ms)
			RebuildScriptCaches (60ms)
			SetupLoadedEditorAssemblies (528ms)
				LogAssemblyErrors (0ms)
				InitializePlatformSupportModulesInManaged (17ms)
				SetLoadedEditorAssemblies (8ms)
				RefreshPlugins (2ms)
				BeforeProcessingInitializeOnLoad (119ms)
				ProcessInitializeOnLoadAttributes (276ms)
				ProcessInitializeOnLoadMethodAttributes (92ms)
				AfterProcessingInitializeOnLoad (14ms)
				EditorAssembliesLoaded (0ms)
			ExecutionOrderSort2 (0ms)
			AwakeInstancesAfterBackupRestoration (15ms)
Platform modules already initialized, skipping
Refreshing native plugins compatible for Editor in 4.48 ms, found 4 plugins.
Preloading 0 native plugins for Editor in 0.00 ms.
Unloading 5611 Unused Serialized files (Serialized files now loaded: 0)
Unloading 30 unused Assets / (430.8 KB). Loaded Objects now: 6486.
Memory consumption went from 0.87 GB to 0.87 GB.
Total: 4.395900 ms (FindLiveObjects: 0.655800 ms CreateObjectMapping: 0.160900 ms MarkObjects: 3.390700 ms  DeleteObjects: 0.187500 ms)

AssetImportParameters requested are different than current active one (requested -> active):
  custom:video-decoder-ogg-theora: a1e56fd34408186e4bbccfd4996cb3dc -> 
  custom:container-muxer-webm: aa71ff27fc2769a1b78a27578f13a17b -> 
  custom:container-demuxer-webm: 4f35f7cbe854078d1ac9338744f61a02 -> 
  custom:video-encoder-webm-vp8: eb34c28f22e8b96e1ab97ce403110664 -> 
  custom:audio-encoder-webm-vorbis: bf7c407c2cedff20999df2af8eb42d56 -> 
  custom:framework-win-MediaFoundation: 216162199b28c13a410421893ffa2e32 -> 
  custom:container-demuxer-ogg: 62fdf1f143b41e24485cea50d1cbac27 -> 
  custom:video-decoder-webm-vp8: 9c59270c3fd7afecdb556c50c9e8de78 -> 
  custom:audio-decoder-ogg-vorbis: bf7c407c2cedff20999df2af8eb42d56 -> 
========================================================================
Received Import Request.
  Time since last request: 18.321334 seconds.
  path: Assets/MAterials/New Material.mat
  artifactKey: Guid(0511ef9427e672b4d97fa48c8a6c4029) Importer(815301076,1909f56bfc062723c751e8b465ee728b)
Start importing Assets/MAterials/New Material.mat using Guid(0511ef9427e672b4d97fa48c8a6c4029) Importer(815301076,1909f56bfc062723c751e8b465ee728b)  -> (artifact id: 'd85310534c93507f21bfecbd38bcd1a0') in 0.175302 seconds 
========================================================================
Received Prepare
Registering precompiled user dll's ...
Registered in 0.011457 seconds.
Begin MonoManager ReloadAssembly
Symbol file LoadedFromMemory doesn't match image C:\Users\539123\_visual_scripting_\Library\PackageCache\com.unity.visualscripting@1.7.8\Editor\VisualScripting.Core\Dependencies\YamlDotNet\Unity.VisualScripting.YamlDotNet.dll
Symbol file LoadedFromMemory doesn't match image C:\Users\539123\_visual_scripting_\Library\PackageCache\com.unity.visualscripting@1.7.8\Editor\VisualScripting.Core\Dependencies\DotNetZip\Unity.VisualScripting.IonicZip.dll
Native extension for WindowsStandalone target not found
Refreshing native plugins compatible for Editor in 1.23 ms, found 4 plugins.
Preloading 0 native plugins for Editor in 0.00 ms.
Mono: successfully reloaded assembly
- Completed reload, in  1.241 seconds
Domain Reload Profiling:
	ReloadAssembly (1242ms)
		BeginReloadAssembly (161ms)
			ExecutionOrderSort (0ms)
			DisableScriptedObjects (11ms)
			BackupInstance (0ms)
			ReleaseScriptingObjects (0ms)
			CreateAndSetChildDomain (53ms)
		EndReloadAssembly (981ms)
			LoadAssemblies (93ms)
			RebuildTransferFunctionScriptingTraits (0ms)
			SetupTypeCache (248ms)
				TypeCache.Initialize (237ms)
					TypeCache.ScanAssembly (232ms)
				ResolveRequiredComponents (11ms)
			ReleaseScriptCaches (2ms)
			RebuildScriptCaches (52ms)
			SetupLoadedEditorAssemblies (508ms)
				LogAssemblyErrors (0ms)
				InitializePlatformSupportModulesInManaged (14ms)
				SetLoadedEditorAssemblies (7ms)
				RefreshPlugins (1ms)
				BeforeProcessingInitializeOnLoad (101ms)
				ProcessInitializeOnLoadAttributes (282ms)
				ProcessInitializeOnLoadMethodAttributes (89ms)
				AfterProcessingInitializeOnLoad (14ms)
				EditorAssembliesLoaded (0ms)
			ExecutionOrderSort2 (0ms)
			AwakeInstancesAfterBackupRestoration (14ms)
Platform modules already initialized, skipping
Refreshing native plugins compatible for Editor in 3.98 ms, found 4 plugins.
Preloading 0 native plugins for Editor in 0.00 ms.
Unloading 5611 Unused Serialized files (Serialized files now loaded: 0)
Unloading 30 unused Assets / (430.7 KB). Loaded Objects now: 6542.
Memory consumption went from 0.87 GB to 0.87 GB.
Total: 4.213900 ms (FindLiveObjects: 0.727800 ms CreateObjectMapping: 0.225500 ms MarkObjects: 3.071600 ms  DeleteObjects: 0.188200 ms)

AssetImportParameters requested are different than current active one (requested -> active):
  custom:video-decoder-ogg-theora: a1e56fd34408186e4bbccfd4996cb3dc -> 
  custom:container-muxer-webm: aa71ff27fc2769a1b78a27578f13a17b -> 
  custom:container-demuxer-webm: 4f35f7cbe854078d1ac9338744f61a02 -> 
  custom:video-encoder-webm-vp8: eb34c28f22e8b96e1ab97ce403110664 -> 
  custom:audio-encoder-webm-vorbis: bf7c407c2cedff20999df2af8eb42d56 -> 
  custom:framework-win-MediaFoundation: 216162199b28c13a410421893ffa2e32 -> 
  custom:container-demuxer-ogg: 62fdf1f143b41e24485cea50d1cbac27 -> 
  custom:video-decoder-webm-vp8: 9c59270c3fd7afecdb556c50c9e8de78 -> 
  custom:audio-decoder-ogg-vorbis: bf7c407c2cedff20999df2af8eb42d56 -> 
========================================================================
Received Prepare
Registering precompiled user dll's ...
Registered in 0.012994 seconds.
Begin MonoManager ReloadAssembly
Symbol file LoadedFromMemory doesn't match image C:\Users\539123\_visual_scripting_\Library\PackageCache\com.unity.visualscripting@1.7.8\Editor\VisualScripting.Core\Dependencies\YamlDotNet\Unity.VisualScripting.YamlDotNet.dll
Symbol file LoadedFromMemory doesn't match image C:\Users\539123\_visual_scripting_\Library\PackageCache\com.unity.visualscripting@1.7.8\Editor\VisualScripting.Core\Dependencies\DotNetZip\Unity.VisualScripting.IonicZip.dll
Native extension for WindowsStandalone target not found
Refreshing native plugins compatible for Editor in 1.19 ms, found 4 plugins.
Preloading 0 native plugins for Editor in 0.00 ms.
Mono: successfully reloaded assembly
- Completed reload, in  1.730 seconds
Domain Reload Profiling:
	ReloadAssembly (1730ms)
		BeginReloadAssembly (169ms)
			ExecutionOrderSort (0ms)
			DisableScriptedObjects (6ms)
			BackupInstance (0ms)
			ReleaseScriptingObjects (0ms)
			CreateAndSetChildDomain (37ms)
		EndReloadAssembly (1339ms)
			LoadAssemblies (132ms)
			RebuildTransferFunctionScriptingTraits (0ms)
			SetupTypeCache (646ms)
				TypeCache.Initialize (635ms)
					TypeCache.ScanAssembly (629ms)
				ResolveRequiredComponents (11ms)
			ReleaseScriptCaches (2ms)
			RebuildScriptCaches (50ms)
			SetupLoadedEditorAssemblies (460ms)
				LogAssemblyErrors (0ms)
				InitializePlatformSupportModulesInManaged (14ms)
				SetLoadedEditorAssemblies (6ms)
				RefreshPlugins (1ms)
				BeforeProcessingInitializeOnLoad (97ms)
				ProcessInitializeOnLoadAttributes (252ms)
				ProcessInitializeOnLoadMethodAttributes (79ms)
				AfterProcessingInitializeOnLoad (12ms)
				EditorAssembliesLoaded (0ms)
			ExecutionOrderSort2 (0ms)
			AwakeInstancesAfterBackupRestoration (11ms)
Platform modules already initialized, skipping
Refreshing native plugins compatible for Editor in 4.02 ms, found 4 plugins.
Preloading 0 native plugins for Editor in 0.00 ms.
Unloading 5611 Unused Serialized files (Serialized files now loaded: 0)
Unloading 30 unused Assets / (430.8 KB). Loaded Objects now: 6558.
Memory consumption went from 0.87 GB to 0.87 GB.
Total: 4.974000 ms (FindLiveObjects: 0.828600 ms CreateObjectMapping: 0.152000 ms MarkObjects: 3.787200 ms  DeleteObjects: 0.204600 ms)

AssetImportParameters requested are different than current active one (requested -> active):
  custom:video-decoder-ogg-theora: a1e56fd34408186e4bbccfd4996cb3dc -> 
  custom:container-muxer-webm: aa71ff27fc2769a1b78a27578f13a17b -> 
  custom:container-demuxer-webm: 4f35f7cbe854078d1ac9338744f61a02 -> 
  custom:video-encoder-webm-vp8: eb34c28f22e8b96e1ab97ce403110664 -> 
  custom:audio-encoder-webm-vorbis: bf7c407c2cedff20999df2af8eb42d56 -> 
  custom:framework-win-MediaFoundation: 216162199b28c13a410421893ffa2e32 -> 
  custom:container-demuxer-ogg: 62fdf1f143b41e24485cea50d1cbac27 -> 
  custom:video-decoder-webm-vp8: 9c59270c3fd7afecdb556c50c9e8de78 -> 
  custom:audio-decoder-ogg-vorbis: bf7c407c2cedff20999df2af8eb42d56 -> 
========================================================================
Received Prepare
Registering precompiled user dll's ...
Registered in 0.010185 seconds.
Begin MonoManager ReloadAssembly
Symbol file LoadedFromMemory doesn't match image C:\Users\539123\_visual_scripting_\Library\PackageCache\com.unity.visualscripting@1.7.8\Editor\VisualScripting.Core\Dependencies\YamlDotNet\Unity.VisualScripting.YamlDotNet.dll
Symbol file LoadedFromMemory doesn't match image C:\Users\539123\_visual_scripting_\Library\PackageCache\com.unity.visualscripting@1.7.8\Editor\VisualScripting.Core\Dependencies\DotNetZip\Unity.VisualScripting.IonicZip.dll
Native extension for WindowsStandalone target not found
Refreshing native plugins compatible for Editor in 1.67 ms, found 4 plugins.
Preloading 0 native plugins for Editor in 0.00 ms.
Mono: successfully reloaded assembly
- Completed reload, in  1.323 seconds
Domain Reload Profiling:
	ReloadAssembly (1324ms)
		BeginReloadAssembly (159ms)
			ExecutionOrderSort (0ms)
			DisableScriptedObjects (10ms)
			BackupInstance (0ms)
			ReleaseScriptingObjects (0ms)
			CreateAndSetChildDomain (47ms)
		EndReloadAssembly (1065ms)
			LoadAssemblies (96ms)
			RebuildTransferFunctionScriptingTraits (0ms)
			SetupTypeCache (253ms)
				TypeCache.Initialize (242ms)
					TypeCache.ScanAssembly (237ms)
				ResolveRequiredComponents (11ms)
			ReleaseScriptCaches (3ms)
			RebuildScriptCaches (90ms)
			SetupLoadedEditorAssemblies (507ms)
				LogAssemblyErrors (0ms)
				InitializePlatformSupportModulesInManaged (14ms)
				SetLoadedEditorAssemblies (7ms)
				RefreshPlugins (2ms)
				BeforeProcessingInitializeOnLoad (103ms)
				ProcessInitializeOnLoadAttributes (261ms)
				ProcessInitializeOnLoadMethodAttributes (100ms)
				AfterProcessingInitializeOnLoad (20ms)
				EditorAssembliesLoaded (0ms)
			ExecutionOrderSort2 (0ms)
			AwakeInstancesAfterBackupRestoration (23ms)
Platform modules already initialized, skipping
Refreshing native plugins compatible for Editor in 3.24 ms, found 4 plugins.
Preloading 0 native plugins for Editor in 0.00 ms.
Unloading 5611 Unused Serialized files (Serialized files now loaded: 0)
Unloading 30 unused Assets / (430.7 KB). Loaded Objects now: 6574.
Memory consumption went from 0.87 GB to 0.87 GB.
Total: 5.848000 ms (FindLiveObjects: 0.627500 ms CreateObjectMapping: 0.151800 ms MarkObjects: 4.734200 ms  DeleteObjects: 0.332800 ms)

AssetImportParameters requested are different than current active one (requested -> active):
  custom:video-decoder-ogg-theora: a1e56fd34408186e4bbccfd4996cb3dc -> 
  custom:container-muxer-webm: aa71ff27fc2769a1b78a27578f13a17b -> 
  custom:container-demuxer-webm: 4f35f7cbe854078d1ac9338744f61a02 -> 
  custom:video-encoder-webm-vp8: eb34c28f22e8b96e1ab97ce403110664 -> 
  custom:audio-encoder-webm-vorbis: bf7c407c2cedff20999df2af8eb42d56 -> 
  custom:framework-win-MediaFoundation: 216162199b28c13a410421893ffa2e32 -> 
  custom:container-demuxer-ogg: 62fdf1f143b41e24485cea50d1cbac27 -> 
  custom:video-decoder-webm-vp8: 9c59270c3fd7afecdb556c50c9e8de78 -> 
  custom:audio-decoder-ogg-vorbis: bf7c407c2cedff20999df2af8eb42d56 -> 
========================================================================
Received Import Request.
  Time since last request: 724.987183 seconds.
  path: Assets/Samples/Universal RP/13.1.8/URP Package Samples/Decals/BlobShadow/BlobShadow_Mat.mat
  artifactKey: Guid(ecee61e47a05b47ca91f89049a9cb014) Importer(815301076,1909f56bfc062723c751e8b465ee728b)
Start importing Assets/Samples/Universal RP/13.1.8/URP Package Samples/Decals/BlobShadow/BlobShadow_Mat.mat using Guid(ecee61e47a05b47ca91f89049a9cb014) Importer(815301076,1909f56bfc062723c751e8b465ee728b)  -> (artifact id: '2e63e0ac46ae2ab4bcc25b1ec7c42208') in 0.243054 seconds 
========================================================================
Received Import Request.
  Time since last request: 0.000032 seconds.
  path: Assets/Samples/Universal RP/13.1.8/URP Package Samples/CameraStacking/3D Skybox/Shaders/SkyPlanet.shadergraph
  artifactKey: Guid(40f56175ab2214d54b4b9d869609e6e5) Importer(815301076,1909f56bfc062723c751e8b465ee728b)
Start importing Assets/Samples/Universal RP/13.1.8/URP Package Samples/CameraStacking/3D Skybox/Shaders/SkyPlanet.shadergraph using Guid(40f56175ab2214d54b4b9d869609e6e5) Importer(815301076,1909f56bfc062723c751e8b465ee728b)  -> (artifact id: '16fb488ea82e7b06e1ede1314c210990') in 0.974602 seconds 
========================================================================
Received Import Request.
  Time since last request: 0.000036 seconds.
  path: Assets/Samples/Universal RP/13.1.8/URP Package Samples/Decals/BlobShadow/BlobShadow_Graph.shadergraph
  artifactKey: Guid(0bb4596125b68476b9ce0035f4d8b8cf) Importer(815301076,1909f56bfc062723c751e8b465ee728b)
Start importing Assets/Samples/Universal RP/13.1.8/URP Package Samples/Decals/BlobShadow/BlobShadow_Graph.shadergraph using Guid(0bb4596125b68476b9ce0035f4d8b8cf) Importer(815301076,1909f56bfc062723c751e8b465ee728b)  -> (artifact id: 'e4dbcce509f168e2dc7ff842246cb19a') in 0.021256 seconds 
========================================================================
Received Import Request.
  Time since last request: 0.000025 seconds.
  path: Assets/Samples/Universal RP/13.1.8/URP Package Samples/Decals/PaintSplat/PaintSplat_Graph.shadergraph
  artifactKey: Guid(397c5053ddad34d6bbec91379ad9547f) Importer(815301076,1909f56bfc062723c751e8b465ee728b)
Start importing Assets/Samples/Universal RP/13.1.8/URP Package Samples/Decals/PaintSplat/PaintSplat_Graph.shadergraph using Guid(397c5053ddad34d6bbec91379ad9547f) Importer(815301076,1909f56bfc062723c751e8b465ee728b)  -> (artifact id: 'b59990a91b78e1b33c1d49c98ae0898d') in 0.024276 seconds 
========================================================================
Received Import Request.
  Time since last request: 0.000033 seconds.
  path: Assets/Samples/Universal RP/13.1.8/URP Package Samples/RendererFeatures/GlitchEffect/Glitch_Material.mat
  artifactKey: Guid(de05057ec301e4ae3a2a80094c8d4a5e) Importer(815301076,1909f56bfc062723c751e8b465ee728b)
Start importing Assets/Samples/Universal RP/13.1.8/URP Package Samples/RendererFeatures/GlitchEffect/Glitch_Material.mat using Guid(de05057ec301e4ae3a2a80094c8d4a5e) Importer(815301076,1909f56bfc062723c751e8b465ee728b)  -> (artifact id: '48e4959a27d78a8edac320aec95881a5') in 0.945938 seconds 
========================================================================
Received Import Request.
  Time since last request: 0.000046 seconds.
  path: Assets/Samples/Universal RP/13.1.8/URP Package Samples/RendererFeatures/GlitchEffect/Glitch_Graph.shadergraph
  artifactKey: Guid(2f83d4d8ee93b4f0da26ec5cd6976fb7) Importer(815301076,1909f56bfc062723c751e8b465ee728b)
Start importing Assets/Samples/Universal RP/13.1.8/URP Package Samples/RendererFeatures/GlitchEffect/Glitch_Graph.shadergraph using Guid(2f83d4d8ee93b4f0da26ec5cd6976fb7) Importer(815301076,1909f56bfc062723c751e8b465ee728b)  -> (artifact id: '822afc86a724887b4695e958ee9905f9') in 0.026636 seconds 
========================================================================
Received Import Request.
  Time since last request: 0.000036 seconds.
  path: Assets/Samples/Universal RP/13.1.8/URP Package Samples/Decals/ProxyLighting/Shaders/PointLight_Graph.shadergraph
  artifactKey: Guid(ec36f8e2ccdaf497190c1d96853d1551) Importer(815301076,1909f56bfc062723c751e8b465ee728b)
Start importing Assets/Samples/Universal RP/13.1.8/URP Package Samples/Decals/ProxyLighting/Shaders/PointLight_Graph.shadergraph using Guid(ec36f8e2ccdaf497190c1d96853d1551) Importer(815301076,1909f56bfc062723c751e8b465ee728b)  -> (artifact id: '22cc558b16ef8805fe1b1480c3bed5ee') in 0.024320 seconds 
========================================================================
Received Import Request.
  Time since last request: 0.000024 seconds.
  path: Assets/Samples/Universal RP/13.1.8/URP Package Samples/RendererFeatures/KeepFrame/SwirlyFrame_Graph.shadergraph
  artifactKey: Guid(ab39a3637a83740188539f247582e44c) Importer(815301076,1909f56bfc062723c751e8b465ee728b)
Start importing Assets/Samples/Universal RP/13.1.8/URP Package Samples/RendererFeatures/KeepFrame/SwirlyFrame_Graph.shadergraph using Guid(ab39a3637a83740188539f247582e44c) Importer(815301076,1909f56bfc062723c751e8b465ee728b)  -> (artifact id: 'd95951a3f51e5aaf9317080d167a604e') in 0.218251 seconds 
========================================================================
Received Import Request.
  Time since last request: 0.000027 seconds.
  path: Assets/Samples/Universal RP/13.1.8/URP Package Samples/RendererFeatures/TrailEffect/Shaders/Sand_Graph.shadergraph
  artifactKey: Guid(2733272ebadfa4555be6b14e8e13cd16) Importer(815301076,1909f56bfc062723c751e8b465ee728b)
Start importing Assets/Samples/Universal RP/13.1.8/URP Package Samples/RendererFeatures/TrailEffect/Shaders/Sand_Graph.shadergraph using Guid(2733272ebadfa4555be6b14e8e13cd16) Importer(815301076,1909f56bfc062723c751e8b465ee728b)  -> (artifact id: '74dd6c2bebb44c8ee6a471c9e92bda69') in 0.412713 seconds 
========================================================================
Received Import Request.
  Time since last request: 1.937734 seconds.
  path: Assets/_/Materials
  artifactKey: Guid(a0fb2bd0101231146a8f2ddba45f08cf) Importer(815301076,1909f56bfc062723c751e8b465ee728b)
Start importing Assets/_/Materials using Guid(a0fb2bd0101231146a8f2ddba45f08cf) Importer(815301076,1909f56bfc062723c751e8b465ee728b)  -> (artifact id: '648154cf52a55a1e3c222bcadf3bbd50') in 0.008912 seconds 
========================================================================
Received Import Request.
  Time since last request: 0.030181 seconds.
  path: Assets/_/Materials/RocksBackground.mat
  artifactKey: Guid(19e07744c9f0eec4891404f61aefa1e8) Importer(815301076,1909f56bfc062723c751e8b465ee728b)
Start importing Assets/_/Materials/RocksBackground.mat using Guid(19e07744c9f0eec4891404f61aefa1e8) Importer(815301076,1909f56bfc062723c751e8b465ee728b)  -> (artifact id: '0c0b8b9ffbd75bc9476de683fd00afbd') in 0.028668 seconds 
========================================================================
Received Import Request.
  Time since last request: 32.939883 seconds.
  path: Assets/Samples/Universal RP/13.1.8/URP Package Samples/Decals/BlobShadow/BlobShadowPipeline.asset
  artifactKey: Guid(bc572d40b13ec4166b317d799f6e960a) Importer(815301076,1909f56bfc062723c751e8b465ee728b)
Start importing Assets/Samples/Universal RP/13.1.8/URP Package Samples/Decals/BlobShadow/BlobShadowPipeline.asset using Guid(bc572d40b13ec4166b317d799f6e960a) Importer(815301076,1909f56bfc062723c751e8b465ee728b)  -> (artifact id: 'a15089b7a019f8072ef3ac1680d710ff') in 0.019942 seconds 
========================================================================
Received Import Request.
  Time since last request: 0.000026 seconds.
  path: Assets/Samples/Universal RP/13.1.8/URP Package Samples/CameraStacking/3D Skybox/Materials/Building.mat
  artifactKey: Guid(e3a93228db90c4c7dbd3b23103a258ca) Importer(815301076,1909f56bfc062723c751e8b465ee728b)
Start importing Assets/Samples/Universal RP/13.1.8/URP Package Samples/CameraStacking/3D Skybox/Materials/Building.mat using Guid(e3a93228db90c4c7dbd3b23103a258ca) Importer(815301076,1909f56bfc062723c751e8b465ee728b)  -> (artifact id: 'ed9ce0872ff68d2e4308dc507ab3fdec') in 0.347116 seconds 
========================================================================
Received Import Request.
  Time since last request: 0.000037 seconds.
  path: Assets/Samples/Universal RP/13.1.8/URP Package Samples/Decals/ProxyLighting/ProxyLightingPipeline_Renderer.asset
  artifactKey: Guid(7cff376ab52df4ec2851903e4b87d286) Importer(815301076,1909f56bfc062723c751e8b465ee728b)
Start importing Assets/Samples/Universal RP/13.1.8/URP Package Samples/Decals/ProxyLighting/ProxyLightingPipeline_Renderer.asset using Guid(7cff376ab52df4ec2851903e4b87d286) Importer(815301076,1909f56bfc062723c751e8b465ee728b)  -> (artifact id: '10b932046d383a879cb0e7130cf11ac0') in 0.013244 seconds 
========================================================================
Received Import Request.
  Time since last request: 0.000024 seconds.
  path: Assets/Samples/Universal RP/13.1.8/URP Package Samples/Decals/PaintSplat/PaintSplatPipeline_Renderer.asset
  artifactKey: Guid(a78073322068149fe9fdac4606f3b1ea) Importer(815301076,1909f56bfc062723c751e8b465ee728b)
Start importing Assets/Samples/Universal RP/13.1.8/URP Package Samples/Decals/PaintSplat/PaintSplatPipeline_Renderer.asset using Guid(a78073322068149fe9fdac4606f3b1ea) Importer(815301076,1909f56bfc062723c751e8b465ee728b)  -> (artifact id: 'bc07168b7fd47a6cb56d5e524836e6d1') in 0.011424 seconds 
========================================================================
Received Import Request.
  Time since last request: 0.000026 seconds.
  path: Assets/Samples/Universal RP/13.1.8/URP Package Samples/RendererFeatures/TrailEffect/TrailEffect_Pipeline.asset
  artifactKey: Guid(3fa182c0ab14944118296b77553eb4de) Importer(815301076,1909f56bfc062723c751e8b465ee728b)
Start importing Assets/Samples/Universal RP/13.1.8/URP Package Samples/RendererFeatures/TrailEffect/TrailEffect_Pipeline.asset using Guid(3fa182c0ab14944118296b77553eb4de) Importer(815301076,1909f56bfc062723c751e8b465ee728b)  -> (artifact id: '0ae50cc9f46c044a1f41030c20e40a72') in 0.050041 seconds 
========================================================================
Received Import Request.
  Time since last request: 11.632955 seconds.
  path: Assets/Samples/Universal RP/13.1.8/URP Package Samples/CameraStacking/3D Skybox/Materials/Planet 2.mat
  artifactKey: Guid(c487dd3f568bf41beb93da5927d9d434) Importer(815301076,1909f56bfc062723c751e8b465ee728b)
Start importing Assets/Samples/Universal RP/13.1.8/URP Package Samples/CameraStacking/3D Skybox/Materials/Planet 2.mat using Guid(c487dd3f568bf41beb93da5927d9d434) Importer(815301076,1909f56bfc062723c751e8b465ee728b)  -> (artifact id: '12652c10b5f8c4fa563d633b1acc2e46') in 0.021745 seconds 
========================================================================
Received Import Request.
  Time since last request: 3.563388 seconds.
  path: Assets/Samples/Universal RP/13.1.8/URP Package Samples/CameraStacking/3D Skybox/SkyboxRenderer.asset
  artifactKey: Guid(5184988f14d6e4bb8a70494368be5468) Importer(815301076,1909f56bfc062723c751e8b465ee728b)
Start importing Assets/Samples/Universal RP/13.1.8/URP Package Samples/CameraStacking/3D Skybox/SkyboxRenderer.asset using Guid(5184988f14d6e4bb8a70494368be5468) Importer(815301076,1909f56bfc062723c751e8b465ee728b)  -> (artifact id: '2b86c69bee4bc41e087d4e0f660c6214') in 0.015155 seconds 
========================================================================
Received Import Request.
  Time since last request: 24.093468 seconds.
  path: Assets/Samples/Universal RP/13.1.8/URP Package Samples/RendererFeatures/TrailEffect/DepthNormal.mat
  artifactKey: Guid(81575f7a6ac8d4be4b099acee34e7d76) Importer(815301076,1909f56bfc062723c751e8b465ee728b)
Start importing Assets/Samples/Universal RP/13.1.8/URP Package Samples/RendererFeatures/TrailEffect/DepthNormal.mat using Guid(81575f7a6ac8d4be4b099acee34e7d76) Importer(815301076,1909f56bfc062723c751e8b465ee728b)  -> (artifact id: '3ef2854f3a456fe087a446e89de6b34a') in 0.416157 seconds 
========================================================================
Received Import Request.
  Time since last request: 32.383056 seconds.
  path: Assets/Samples/Universal RP/13.1.8/URP Package Samples/Shaders/Lit/Materials/BaseRed.mat
  artifactKey: Guid(ab1e501408f784696a373918622592b2) Importer(815301076,1909f56bfc062723c751e8b465ee728b)
Start importing Assets/Samples/Universal RP/13.1.8/URP Package Samples/Shaders/Lit/Materials/BaseRed.mat using Guid(ab1e501408f784696a373918622592b2) Importer(815301076,1909f56bfc062723c751e8b465ee728b)  -> (artifact id: 'c88e46f15b4f640eef2c1af0b1ad7060') in 0.023316 seconds 
========================================================================
Received Import Request.
  Time since last request: 0.000026 seconds.
  path: Assets/Samples/Universal RP/13.1.8/URP Package Samples/Shaders/Lit/Materials/BlueEmission.mat
  artifactKey: Guid(0c32055e4135a484b913cc24d7fd1be5) Importer(815301076,1909f56bfc062723c751e8b465ee728b)
Start importing Assets/Samples/Universal RP/13.1.8/URP Package Samples/Shaders/Lit/Materials/BlueEmission.mat using Guid(0c32055e4135a484b913cc24d7fd1be5) Importer(815301076,1909f56bfc062723c751e8b465ee728b)  -> (artifact id: 'bb031589bdb1d519c10b394c336d35c9') in 0.020550 seconds 
========================================================================
Received Import Request.
  Time since last request: 0.000028 seconds.
  path: Assets/Samples/Universal RP/13.1.8/URP Package Samples/Shaders/Lit/Materials/EmissionOn.mat
  artifactKey: Guid(c2809691a61fc4a43b6483eee535d786) Importer(815301076,1909f56bfc062723c751e8b465ee728b)
Start importing Assets/Samples/Universal RP/13.1.8/URP Package Samples/Shaders/Lit/Materials/EmissionOn.mat using Guid(c2809691a61fc4a43b6483eee535d786) Importer(815301076,1909f56bfc062723c751e8b465ee728b)  -> (artifact id: 'c46b7337c112b62b43340c28e4d62b95') in 0.059124 seconds 
========================================================================
Received Import Request.
  Time since last request: 0.000036 seconds.
  path: Assets/Samples/Universal RP/13.1.8/URP Package Samples/Shaders/Lit/Materials/OcclusionOn.mat
  artifactKey: Guid(71d0ae4a494e24fc8842080c57cdeee7) Importer(815301076,1909f56bfc062723c751e8b465ee728b)
Start importing Assets/Samples/Universal RP/13.1.8/URP Package Samples/Shaders/Lit/Materials/OcclusionOn.mat using Guid(71d0ae4a494e24fc8842080c57cdeee7) Importer(815301076,1909f56bfc062723c751e8b465ee728b)  -> (artifact id: '2d29ea002c1e67d5f0df974580a79d57') in 0.026060 seconds 
========================================================================
Received Import Request.
  Time since last request: 0.000040 seconds.
  path: Packages/com.unity.searcher/Editor/Resources/FlatSkin/Font/Roboto-MediumItalic.ttf
  artifactKey: Guid(d93c1bc57fdf1ac4dad1bf04fac05464) Importer(815301076,1909f56bfc062723c751e8b465ee728b)
Start importing Packages/com.unity.searcher/Editor/Resources/FlatSkin/Font/Roboto-MediumItalic.ttf using Guid(d93c1bc57fdf1ac4dad1bf04fac05464) Importer(815301076,1909f56bfc062723c751e8b465ee728b)  -> (artifact id: '92911d323cdb3e7a88533fe77ca32aa8') in 0.041833 seconds 
========================================================================
Received Import Request.
  Time since last request: 0.000034 seconds.
  path: Packages/com.unity.render-pipelines.universal/Runtime/Materials/SpatialMappingOcclusion.mat
  artifactKey: Guid(b51db210fe78df745a372851b3db949e) Importer(815301076,1909f56bfc062723c751e8b465ee728b)
Start importing Packages/com.unity.render-pipelines.universal/Runtime/Materials/SpatialMappingOcclusion.mat using Guid(b51db210fe78df745a372851b3db949e) Importer(815301076,1909f56bfc062723c751e8b465ee728b)  -> (artifact id: 'c49b8ceaa08c5fdefcf7e47ae1091117') in 0.018194 seconds 
========================================================================
Received Import Request.
  Time since last request: 0.000033 seconds.
  path: Packages/com.unity.render-pipelines.universal/Runtime/Materials/TerrainLit.mat
  artifactKey: Guid(594ea882c5a793440b60ff72d896021e) Importer(815301076,1909f56bfc062723c751e8b465ee728b)
Start importing Packages/com.unity.render-pipelines.universal/Runtime/Materials/TerrainLit.mat using Guid(594ea882c5a793440b60ff72d896021e) Importer(815301076,1909f56bfc062723c751e8b465ee728b)  -> (artifact id: 'e84d27e0a6f588f608915c6f6e9a8551') in 0.286270 seconds 
========================================================================
Received Import Request.
  Time since last request: 0.000029 seconds.
  path: Assets/Samples/Universal RP/13.1.8/URP Package Samples/SharedAssets/Materials/Text.mat
  artifactKey: Guid(6a16993b78f2b4f85b82be4c42e0ebc4) Importer(815301076,1909f56bfc062723c751e8b465ee728b)
Start importing Assets/Samples/Universal RP/13.1.8/URP Package Samples/SharedAssets/Materials/Text.mat using Guid(6a16993b78f2b4f85b82be4c42e0ebc4) Importer(815301076,1909f56bfc062723c751e8b465ee728b)  -> (artifact id: '772d8f372ff80c4bd1230133f85a4b7c') in 0.046602 seconds 
========================================================================
Received Import Request.
  Time since last request: 0.000043 seconds.
  path: Packages/com.unity.2d.psdimporter/Editor/Assets/root-red.mat
  artifactKey: Guid(4459fff084dd84526ab8fd5082d2eacb) Importer(815301076,1909f56bfc062723c751e8b465ee728b)
Start importing Packages/com.unity.2d.psdimporter/Editor/Assets/root-red.mat using Guid(4459fff084dd84526ab8fd5082d2eacb) Importer(815301076,1909f56bfc062723c751e8b465ee728b)  -> (artifact id: '12ffc4f0e19b4aab7c7f1e5a9ed3daae') in 0.041890 seconds 
========================================================================
Received Import Request.
  Time since last request: 0.000035 seconds.
  path: Assets/Samples/Universal RP/13.1.8/URP Package Samples/Shaders/Lit/Materials/MetallicOn.mat
  artifactKey: Guid(3e2d3ad60e29e404da68fa903eaff772) Importer(815301076,1909f56bfc062723c751e8b465ee728b)
Start importing Assets/Samples/Universal RP/13.1.8/URP Package Samples/Shaders/Lit/Materials/MetallicOn.mat using Guid(3e2d3ad60e29e404da68fa903eaff772) Importer(815301076,1909f56bfc062723c751e8b465ee728b)  -> (artifact id: 'afa6a4df727496b342e350056e4bdc49') in 0.021893 seconds 
========================================================================
Received Import Request.
  Time since last request: 0.000026 seconds.
  path: Assets/Samples/Universal RP/13.1.8/URP Package Samples/Shaders/Lit/Materials/SmoothnessOne.mat
  artifactKey: Guid(cd8dde816b1e341aa9dd9afca2da9937) Importer(815301076,1909f56bfc062723c751e8b465ee728b)
Start importing Assets/Samples/Universal RP/13.1.8/URP Package Samples/Shaders/Lit/Materials/SmoothnessOne.mat using Guid(cd8dde816b1e341aa9dd9afca2da9937) Importer(815301076,1909f56bfc062723c751e8b465ee728b)  -> (artifact id: '0c2dace3271b13e465aaa443cb60b748') in 0.020417 seconds 
========================================================================
Received Import Request.
  Time since last request: 0.000039 seconds.
  path: Assets/Samples/Universal RP/13.1.8/URP Package Samples/SharedAssets/Materials/Green.mat
  artifactKey: Guid(6ee6561ebf75a4b15857523107eae6bd) Importer(815301076,1909f56bfc062723c751e8b465ee728b)
Start importing Assets/Samples/Universal RP/13.1.8/URP Package Samples/SharedAssets/Materials/Green.mat using Guid(6ee6561ebf75a4b15857523107eae6bd) Importer(815301076,1909f56bfc062723c751e8b465ee728b)  -> (artifact id: 'fad645cf24c37947306f452cc0adcf3f') in 0.020556 seconds 
========================================================================
Received Import Request.
  Time since last request: 0.000024 seconds.
  path: Assets/Samples/Universal RP/13.1.8/URP Package Samples/SharedAssets/Materials/LightGray.mat
  artifactKey: Guid(0889dee21b18543c087760abd0df15ec) Importer(815301076,1909f56bfc062723c751e8b465ee728b)
Start importing Assets/Samples/Universal RP/13.1.8/URP Package Samples/SharedAssets/Materials/LightGray.mat using Guid(0889dee21b18543c087760abd0df15ec) Importer(815301076,1909f56bfc062723c751e8b465ee728b)  -> (artifact id: '26c42a43c2603e17d123eef770885552') in 0.024466 seconds 
========================================================================
Received Import Request.
  Time since last request: 0.000027 seconds.
  path: Packages/com.unity.render-pipelines.core/Runtime/Debugging/Prefabs/Fonts/PerfectDOSVGA437.ttf
  artifactKey: Guid(74a5091d8707f334b9a5c31ef71a64ba) Importer(815301076,1909f56bfc062723c751e8b465ee728b)
Start importing Packages/com.unity.render-pipelines.core/Runtime/Debugging/Prefabs/Fonts/PerfectDOSVGA437.ttf using Guid(74a5091d8707f334b9a5c31ef71a64ba) Importer(815301076,1909f56bfc062723c751e8b465ee728b)  -> (artifact id: '1f1f66c36630b717ad4749b268ac0cc7') in 0.028279 seconds 
========================================================================
Received Import Request.
  Time since last request: 0.000024 seconds.
  path: Packages/com.unity.render-pipelines.universal/Runtime/Materials/ArnoldStandardSurface/ArnoldStandardSurfaceTransparent.shadergraph
  artifactKey: Guid(30fa68ce467463643a86b839ca0eb195) Importer(815301076,1909f56bfc062723c751e8b465ee728b)
Start importing Packages/com.unity.render-pipelines.universal/Runtime/Materials/ArnoldStandardSurface/ArnoldStandardSurfaceTransparent.shadergraph using Guid(30fa68ce467463643a86b839ca0eb195) Importer(815301076,1909f56bfc062723c751e8b465ee728b)  -> (artifact id: 'bab2c81fa4e790d327a56687424e1f1b') in 0.497849 seconds 
========================================================================
Received Import Request.
  Time since last request: 0.000036 seconds.
  path: Assets/Samples/Universal RP/13.1.8/URP Package Samples/SharedAssets/Materials/Wall.mat
  artifactKey: Guid(4925cf74b12ed444c8631173a92679d1) Importer(815301076,1909f56bfc062723c751e8b465ee728b)
Start importing Assets/Samples/Universal RP/13.1.8/URP Package Samples/SharedAssets/Materials/Wall.mat using Guid(4925cf74b12ed444c8631173a92679d1) Importer(815301076,1909f56bfc062723c751e8b465ee728b)  -> (artifact id: '1db519bc661a82517b1f0a8ea1ff4f31') in 0.024404 seconds 
========================================================================
Received Import Request.
  Time since last request: 0.000034 seconds.
  path: Packages/com.unity.render-pipelines.universal/Shaders/AutodeskInteractive/AutodeskInteractive.shadergraph
  artifactKey: Guid(0e9d5a909a1f7e84882a534d0d11e49f) Importer(815301076,1909f56bfc062723c751e8b465ee728b)
Start importing Packages/com.unity.render-pipelines.universal/Shaders/AutodeskInteractive/AutodeskInteractive.shadergraph using Guid(0e9d5a909a1f7e84882a534d0d11e49f) Importer(815301076,1909f56bfc062723c751e8b465ee728b)  -> (artifact id: '9d1e0a7380b3b9dddee809cf4e94f753') in 0.411133 seconds 
========================================================================
Received Import Request.
  Time since last request: 0.000054 seconds.
  path: Assets/Samples/Universal RP/13.1.8/URP Package Samples/SharedAssets/Materials/Yellow.mat
  artifactKey: Guid(df6219926368041ac926da7e3dbc92c7) Importer(815301076,1909f56bfc062723c751e8b465ee728b)
Start importing Assets/Samples/Universal RP/13.1.8/URP Package Samples/SharedAssets/Materials/Yellow.mat using Guid(df6219926368041ac926da7e3dbc92c7) Importer(815301076,1909f56bfc062723c751e8b465ee728b)  -> (artifact id: 'd464fdb2b3379d4b8705c1931938ad2f') in 0.027188 seconds 
========================================================================
Received Import Request.
  Time since last request: 0.000078 seconds.
  path: Packages/com.unity.render-pipelines.universal/Shaders/Decal.shadergraph
  artifactKey: Guid(9b4e681081e2b4c469111bb649e2f7ee) Importer(815301076,1909f56bfc062723c751e8b465ee728b)
Start importing Packages/com.unity.render-pipelines.universal/Shaders/Decal.shadergraph using Guid(9b4e681081e2b4c469111bb649e2f7ee) Importer(815301076,1909f56bfc062723c751e8b465ee728b)  -> (artifact id: '942f14be3a8d280144081ac4b10162e0') in 0.021823 seconds 
========================================================================
Received Import Request.
  Time since last request: 0.000022 seconds.
  path: Assets/Samples/Universal RP/13.1.8/URP Package Samples/Shaders/Lit/Materials/MetallicOne.mat
  artifactKey: Guid(3e58fe99dbdc941fbb127782a5413890) Importer(815301076,1909f56bfc062723c751e8b465ee728b)
Start importing Assets/Samples/Universal RP/13.1.8/URP Package Samples/Shaders/Lit/Materials/MetallicOne.mat using Guid(3e58fe99dbdc941fbb127782a5413890) Importer(815301076,1909f56bfc062723c751e8b465ee728b)  -> (artifact id: '80847c12b2f714aa5bb52bcae353b16e') in 0.022812 seconds 
========================================================================
Received Import Request.
  Time since last request: 0.000023 seconds.
  path: Assets/Samples/Universal RP/13.1.8/URP Package Samples/RendererFeatures/TrailEffect/Sand.mat
  artifactKey: Guid(4438bff2a20e74932b90b2af6762b849) Importer(815301076,1909f56bfc062723c751e8b465ee728b)
Start importing Assets/Samples/Universal RP/13.1.8/URP Package Samples/RendererFeatures/TrailEffect/Sand.mat using Guid(4438bff2a20e74932b90b2af6762b849) Importer(815301076,1909f56bfc062723c751e8b465ee728b)  -> (artifact id: '2a2c405aefc934f7ab6b74e4c31f18a9') in 0.127085 seconds 
========================================================================
Received Import Request.
  Time since last request: 0.000027 seconds.
  path: Assets/Samples/Universal RP/13.1.8/URP Package Samples/Decals/ProxyLighting/Materials/BlueSpotlight.mat
  artifactKey: Guid(c648de8231cde4fdfa786d06e5d8ad57) Importer(815301076,1909f56bfc062723c751e8b465ee728b)
Start importing Assets/Samples/Universal RP/13.1.8/URP Package Samples/Decals/ProxyLighting/Materials/BlueSpotlight.mat using Guid(c648de8231cde4fdfa786d06e5d8ad57) Importer(815301076,1909f56bfc062723c751e8b465ee728b)  -> (artifact id: '8d88a569d6045951ae616e5bde8eecb9') in 0.022439 seconds 
========================================================================
Received Import Request.
  Time since last request: 0.000036 seconds.
  path: Packages/com.unity.searcher/Editor/Resources/FlatSkin/Font/Roboto-Medium.ttf
  artifactKey: Guid(a51a3aebb43ac044989270407476b208) Importer(815301076,1909f56bfc062723c751e8b465ee728b)
Start importing Packages/com.unity.searcher/Editor/Resources/FlatSkin/Font/Roboto-Medium.ttf using Guid(a51a3aebb43ac044989270407476b208) Importer(815301076,1909f56bfc062723c751e8b465ee728b)  -> (artifact id: 'fa006ddf56c36f33b3d71f153b9b1f60') in 0.027960 seconds 
========================================================================
Received Import Request.
  Time since last request: 0.000031 seconds.
  path: Packages/com.unity.searcher/Editor/Resources/FlatSkin/Font/Roboto-BoldItalic.ttf
  artifactKey: Guid(dfb97a9307a577a41bcacba34b9a7e32) Importer(815301076,1909f56bfc062723c751e8b465ee728b)
Start importing Packages/com.unity.searcher/Editor/Resources/FlatSkin/Font/Roboto-BoldItalic.ttf using Guid(dfb97a9307a577a41bcacba34b9a7e32) Importer(815301076,1909f56bfc062723c751e8b465ee728b)  -> (artifact id: '93902f337e2dec5b843de8d4dc302401') in 0.030317 seconds 
========================================================================
Received Import Request.
  Time since last request: 0.000049 seconds.
  path: Packages/com.unity.searcher/Editor/Resources/FlatSkin/Font/Roboto-Light.ttf
  artifactKey: Guid(2a29e27936eb547458f646f71125b264) Importer(815301076,1909f56bfc062723c751e8b465ee728b)
Start importing Packages/com.unity.searcher/Editor/Resources/FlatSkin/Font/Roboto-Light.ttf using Guid(2a29e27936eb547458f646f71125b264) Importer(815301076,1909f56bfc062723c751e8b465ee728b)  -> (artifact id: '465b3675ada8621091ca31aa95a60074') in 0.027097 seconds 
========================================================================
Received Import Request.
  Time since last request: 0.000032 seconds.
  path: Packages/com.unity.searcher/Editor/Resources/FlatSkin/Font/Roboto-LightItalic.ttf
  artifactKey: Guid(5e63515167650a541b309ba3bfd4db3d) Importer(815301076,1909f56bfc062723c751e8b465ee728b)
Start importing Packages/com.unity.searcher/Editor/Resources/FlatSkin/Font/Roboto-LightItalic.ttf using Guid(5e63515167650a541b309ba3bfd4db3d) Importer(815301076,1909f56bfc062723c751e8b465ee728b)  -> (artifact id: 'd027e763a312fb5aad366e5f1e55c35c') in 0.030132 seconds 
Editor requested this worker to shutdown with reason: Scaling down because of idle timeout
AssetImportWorker is now disconnected from the server
Process exiting
Exiting without the bug reporter. Application will terminate with return code 0